[0.019s] Invoking command in '/home/shrirag10/rtab_ws/build/rtabmap': CMAKE_PREFIX_PATH=${CMAKE_PREFIX_PATH}:/home/shrirag10/final_rsn/install/rtabmap_dataset_processor:/home/shrirag10/final_rsn/install/rtabmap_python:/opt/ros/humble /usr/bin/cmake --build /home/shrirag10/rtab_ws/build/rtabmap
[0.095s] [35m[1mConsolidate compiler generated dependencies of target rtabmap_utilite[0m
[0.109s] [  5%] Built target rtabmap_utilite
[0.122s] [35m[1mConsolidate compiler generated dependencies of target res_tool[0m
[0.133s] [  6%] Built target res_tool
[0.232s] [35m[1mConsolidate compiler generated dependencies of target rtabmap_core[0m
[0.450s] [ 57%] Built target rtabmap_core
[0.473s] [ 57%] [34m[1mAutomatic MOC and UIC for target rtabmap_gui[0m
[0.514s] [ 57%] Built target rtabmap_gui_autogen
[0.560s] [35m[1mConsolidate compiler generated dependencies of target rtabmap_gui[0m
[0.637s] [ 73%] Built target rtabmap_gui
[0.646s] [35m[1mConsolidate compiler generated dependencies of target rtabmap_app[0m
[0.660s] [ 74%] Built target rtabmap_app
[0.671s] [35m[1mConsolidate compiler generated dependencies of target consoleApp[0m
[0.686s] [ 74%] Built target consoleApp
[0.695s] [35m[1mConsolidate compiler generated dependencies of target imagesJoiner[0m
[0.706s] [ 75%] Built target imagesJoiner
[0.716s] [35m[1mConsolidate compiler generated dependencies of target extractObject[0m
[0.730s] [ 76%] Built target extractObject
[0.740s] [35m[1mConsolidate compiler generated dependencies of target camera[0m
[0.754s] [ 77%] Built target camera
[0.764s] [35m[1mConsolidate compiler generated dependencies of target stereoEval[0m
[0.779s] [ 78%] Built target stereoEval
[0.789s] [35m[1mConsolidate compiler generated dependencies of target kitti_dataset[0m
[0.803s] [ 79%] Built target kitti_dataset
[0.813s] [35m[1mConsolidate compiler generated dependencies of target rgbd_dataset[0m
[0.828s] [ 80%] Built target rgbd_dataset
[0.841s] [35m[1mConsolidate compiler generated dependencies of target euroc_dataset[0m
[0.859s] [ 80%] Built target euroc_dataset
[0.870s] [35m[1mConsolidate compiler generated dependencies of target recovery[0m
[0.880s] [ 81%] Built target recovery
[0.895s] [35m[1mConsolidate compiler generated dependencies of target reprocess[0m
[0.908s] [ 82%] Built target reprocess
[0.919s] [35m[1mConsolidate compiler generated dependencies of target detectMoreLoopClosures[0m
[0.934s] [ 83%] Built target detectMoreLoopClosures
[0.943s] [35m[1mConsolidate compiler generated dependencies of target export[0m
[0.960s] [ 84%] Built target export
[0.974s] [35m[1mConsolidate compiler generated dependencies of target report[0m
[0.996s] [ 84%] Built target report
[1.015s] [35m[1mConsolidate compiler generated dependencies of target info[0m
[1.033s] [ 84%] Built target info
[1.047s] [35m[1mConsolidate compiler generated dependencies of target cleanupLocalGrids[0m
[1.066s] [ 85%] Built target cleanupLocalGrids
[1.076s] [35m[1mConsolidate compiler generated dependencies of target globalBundleAdjustment[0m
[1.094s] [ 86%] Built target globalBundleAdjustment
[1.110s] [35m[1mConsolidate compiler generated dependencies of target rgbd_camera[0m
[1.133s] [ 87%] Built target rgbd_camera
[1.146s] [35m[1mConsolidate compiler generated dependencies of target lidar_viewer[0m
[1.168s] [ 88%] Built target lidar_viewer
[1.178s] [35m[1mConsolidate compiler generated dependencies of target databaseViewer[0m
[1.193s] [ 89%] Built target databaseViewer
[1.203s] [35m[1mConsolidate compiler generated dependencies of target epipolar_geometry[0m
[1.218s] [ 90%] Built target epipolar_geometry
[1.231s] [35m[1mConsolidate compiler generated dependencies of target odometryViewer[0m
[1.254s] [ 91%] Built target odometryViewer
[1.270s] [35m[1mConsolidate compiler generated dependencies of target dataRecorder[0m
[1.294s] [ 92%] Built target dataRecorder
[1.310s] [35m[1mConsolidate compiler generated dependencies of target calibration[0m
[1.340s] [ 93%] Built target calibration
[1.354s] [35m[1mConsolidate compiler generated dependencies of target matcher[0m
[1.376s] [ 93%] Built target matcher
[1.392s] [35m[1mConsolidate compiler generated dependencies of target bow_mapping[0m
[1.410s] [ 93%] Built target bow_mapping
[1.438s] [ 93%] [34m[1mAutomatic MOC and UIC for target rgbd_mapping[0m
[1.467s] [ 93%] Built target rgbd_mapping_autogen
[1.486s] [35m[1mConsolidate compiler generated dependencies of target rgbd_mapping[0m
[1.509s] [ 94%] Built target rgbd_mapping
[1.540s] [ 95%] [34m[1mAutomatic MOC and UIC for target wifi_mapping[0m
[1.566s] [ 95%] Built target wifi_mapping_autogen
[1.584s] [35m[1mConsolidate compiler generated dependencies of target wifi_mapping[0m
[1.605s] [ 96%] Built target wifi_mapping
[1.629s] [ 96%] [34m[1mAutomatic MOC and UIC for target noEventsExample[0m
[1.655s] [ 96%] Built target noEventsExample_autogen
[1.673s] [35m[1mConsolidate compiler generated dependencies of target noEventsExample[0m
[1.703s] [ 98%] Built target noEventsExample
[1.730s] [ 99%] [34m[1mAutomatic MOC and UIC for target lidar_mapping[0m
[1.753s] [ 99%] Built target lidar_mapping_autogen
[1.772s] [35m[1mConsolidate compiler generated dependencies of target lidar_mapping[0m
[1.806s] [100%] Built target lidar_mapping
[1.818s] Invoked command in '/home/shrirag10/rtab_ws/build/rtabmap' returned '0': CMAKE_PREFIX_PATH=${CMAKE_PREFIX_PATH}:/home/shrirag10/final_rsn/install/rtabmap_dataset_processor:/home/shrirag10/final_rsn/install/rtabmap_python:/opt/ros/humble /usr/bin/cmake --build /home/shrirag10/rtab_ws/build/rtabmap
[1.820s] Invoking command in '/home/shrirag10/rtab_ws/build/rtabmap': CMAKE_PREFIX_PATH=${CMAKE_PREFIX_PATH}:/home/shrirag10/final_rsn/install/rtabmap_dataset_processor:/home/shrirag10/final_rsn/install/rtabmap_python:/opt/ros/humble /usr/bin/cmake --install /home/shrirag10/rtab_ws/build/rtabmap
[1.830s] -- Install configuration: "Release"
[1.831s] -- Up-to-date: /home/shrirag10/rtab_ws/install/rtabmap/lib/librtabmap_utilite.so.0.21.9
[1.831s] -- Up-to-date: /home/shrirag10/rtab_ws/install/rtabmap/lib/librtabmap_utilite.so.0.21
[1.831s] -- Up-to-date: /home/shrirag10/rtab_ws/install/rtabmap/lib/librtabmap_utilite.so
[1.831s] -- Up-to-date: /home/shrirag10/rtab_ws/install/rtabmap/include/rtabmap-0.21/rtabmap
[1.831s] -- Up-to-date: /home/shrirag10/rtab_ws/install/rtabmap/include/rtabmap-0.21/rtabmap/utilite
[1.831s] -- Up-to-date: /home/shrirag10/rtab_ws/install/rtabmap/include/rtabmap-0.21/rtabmap/utilite/UProcessInfo.h
[1.831s] -- Up-to-date: /home/shrirag10/rtab_ws/install/rtabmap/include/rtabmap-0.21/rtabmap/utilite/UMutex.h
[1.831s] -- Up-to-date: /home/shrirag10/rtab_ws/install/rtabmap/include/rtabmap-0.21/rtabmap/utilite/UEventsHandler.h
[1.832s] -- Up-to-date: /home/shrirag10/rtab_ws/install/rtabmap/include/rtabmap-0.21/rtabmap/utilite/UThreadC.h
[1.832s] -- Up-to-date: /home/shrirag10/rtab_ws/install/rtabmap/include/rtabmap-0.21/rtabmap/utilite/Posix
[1.832s] -- Up-to-date: /home/shrirag10/rtab_ws/install/rtabmap/include/rtabmap-0.21/rtabmap/utilite/Posix/UThreadC.h
[1.832s] -- Up-to-date: /home/shrirag10/rtab_ws/install/rtabmap/include/rtabmap-0.21/rtabmap/utilite/UMath.h
[1.832s] -- Up-to-date: /home/shrirag10/rtab_ws/install/rtabmap/include/rtabmap-0.21/rtabmap/utilite/UConversion.h
[1.832s] -- Up-to-date: /home/shrirag10/rtab_ws/install/rtabmap/include/rtabmap-0.21/rtabmap/utilite/UThreadNode.h
[1.832s] -- Up-to-date: /home/shrirag10/rtab_ws/install/rtabmap/include/rtabmap-0.21/rtabmap/utilite/UException.h
[1.832s] -- Up-to-date: /home/shrirag10/rtab_ws/install/rtabmap/include/rtabmap-0.21/rtabmap/utilite/UEvent.h
[1.832s] -- Up-to-date: /home/shrirag10/rtab_ws/install/rtabmap/include/rtabmap-0.21/rtabmap/utilite/UFile.h
[1.832s] -- Up-to-date: /home/shrirag10/rtab_ws/install/rtabmap/include/rtabmap-0.21/rtabmap/utilite/UDestroyer.h
[1.832s] -- Up-to-date: /home/shrirag10/rtab_ws/install/rtabmap/include/rtabmap-0.21/rtabmap/utilite/ULogger.h
[1.832s] -- Up-to-date: /home/shrirag10/rtab_ws/install/rtabmap/include/rtabmap-0.21/rtabmap/utilite/UDirectory.h
[1.832s] -- Up-to-date: /home/shrirag10/rtab_ws/install/rtabmap/include/rtabmap-0.21/rtabmap/utilite/UStl.h
[1.832s] -- Up-to-date: /home/shrirag10/rtab_ws/install/rtabmap/include/rtabmap-0.21/rtabmap/utilite/UEventsSender.h
[1.832s] -- Up-to-date: /home/shrirag10/rtab_ws/install/rtabmap/include/rtabmap-0.21/rtabmap/utilite/UTimer.h
[1.832s] -- Up-to-date: /home/shrirag10/rtab_ws/install/rtabmap/include/rtabmap-0.21/rtabmap/utilite/UThread.h
[1.832s] -- Up-to-date: /home/shrirag10/rtab_ws/install/rtabmap/include/rtabmap-0.21/rtabmap/utilite/UObjDeletionThread.h
[1.832s] -- Up-to-date: /home/shrirag10/rtab_ws/install/rtabmap/include/rtabmap-0.21/rtabmap/utilite/Win32
[1.832s] -- Up-to-date: /home/shrirag10/rtab_ws/install/rtabmap/include/rtabmap-0.21/rtabmap/utilite/Win32/UWin32.h
[1.832s] -- Up-to-date: /home/shrirag10/rtab_ws/install/rtabmap/include/rtabmap-0.21/rtabmap/utilite/Win32/UThreadC.h
[1.833s] -- Up-to-date: /home/shrirag10/rtab_ws/install/rtabmap/include/rtabmap-0.21/rtabmap/utilite/USemaphore.h
[1.833s] -- Up-to-date: /home/shrirag10/rtab_ws/install/rtabmap/include/rtabmap-0.21/rtabmap/utilite/UVariant.h
[1.833s] -- Up-to-date: /home/shrirag10/rtab_ws/install/rtabmap/include/rtabmap-0.21/rtabmap/utilite/UEventsManager.h
[1.833s] -- Up-to-date: /home/shrirag10/rtab_ws/install/rtabmap/include/rtabmap-0.21/rtabmap/utilite/UtiLite.h
[1.833s] -- Up-to-date: /home/shrirag10/rtab_ws/install/rtabmap/include/rtabmap-0.21/rtabmap
[1.833s] -- Up-to-date: /home/shrirag10/rtab_ws/install/rtabmap/include/rtabmap-0.21/rtabmap/utilite
[1.833s] -- Up-to-date: /home/shrirag10/rtab_ws/install/rtabmap/include/rtabmap-0.21/rtabmap/utilite/utilite_export.h
[1.833s] -- Up-to-date: /home/shrirag10/rtab_ws/install/rtabmap/lib/rtabmap-0.21/RTABMap_utiliteTargets.cmake
[1.833s] -- Up-to-date: /home/shrirag10/rtab_ws/install/rtabmap/lib/rtabmap-0.21/RTABMap_utiliteTargets-release.cmake
[1.833s] -- Up-to-date: /home/shrirag10/rtab_ws/install/rtabmap/bin/rtabmap-res_tool-0.3.0
[1.833s] -- Up-to-date: /home/shrirag10/rtab_ws/install/rtabmap/bin/rtabmap-res_tool
[1.834s] -- Up-to-date: /home/shrirag10/rtab_ws/install/rtabmap/lib/librtabmap_core.so.0.21.9
[1.834s] -- Up-to-date: /home/shrirag10/rtab_ws/install/rtabmap/lib/librtabmap_core.so.0.21
[1.834s] -- Up-to-date: /home/shrirag10/rtab_ws/install/rtabmap/lib/librtabmap_core.so
[1.834s] -- Up-to-date: /home/shrirag10/rtab_ws/install/rtabmap/include/rtabmap-0.21/rtabmap
[1.834s] -- Up-to-date: /home/shrirag10/rtab_ws/install/rtabmap/include/rtabmap-0.21/rtabmap/core
[1.834s] -- Up-to-date: /home/shrirag10/rtab_ws/install/rtabmap/include/rtabmap-0.21/rtabmap/core/RegistrationInfo.h
[1.835s] -- Up-to-date: /home/shrirag10/rtab_ws/install/rtabmap/include/rtabmap-0.21/rtabmap/core/BayesFilter.h
[1.835s] -- Up-to-date: /home/shrirag10/rtab_ws/install/rtabmap/include/rtabmap-0.21/rtabmap/core/Link.h
[1.835s] -- Up-to-date: /home/shrirag10/rtab_ws/install/rtabmap/include/rtabmap-0.21/rtabmap/core/StereoCameraModel.h
[1.835s] -- Up-to-date: /home/shrirag10/rtab_ws/install/rtabmap/include/rtabmap-0.21/rtabmap/core/Stereo.h
[1.835s] -- Up-to-date: /home/shrirag10/rtab_ws/install/rtabmap/include/rtabmap-0.21/rtabmap/core/CameraModel.h
[1.835s] -- Up-to-date: /home/shrirag10/rtab_ws/install/rtabmap/include/rtabmap-0.21/rtabmap/core/Lidar.h
[1.835s] -- Up-to-date: /home/shrirag10/rtab_ws/install/rtabmap/include/rtabmap-0.21/rtabmap/core/lidar
[1.835s] -- Up-to-date: /home/shrirag10/rtab_ws/install/rtabmap/include/rtabmap-0.21/rtabmap/core/lidar/LidarVLP16.h
[1.835s] -- Up-to-date: /home/shrirag10/rtab_ws/install/rtabmap/include/rtabmap-0.21/rtabmap/core/DBReader.h
[1.835s] -- Up-to-date: /home/shrirag10/rtab_ws/install/rtabmap/include/rtabmap-0.21/rtabmap/core/VisualWord.h
[1.835s] -- Up-to-date: /home/shrirag10/rtab_ws/install/rtabmap/include/rtabmap-0.21/rtabmap/core/GlobalMap.h
[1.835s] -- Up-to-date: /home/shrirag10/rtab_ws/install/rtabmap/include/rtabmap-0.21/rtabmap/core/OdometryInfo.h
[1.835s] -- Up-to-date: /home/shrirag10/rtab_ws/install/rtabmap/include/rtabmap-0.21/rtabmap/core/SensorCapture.h
[1.835s] -- Up-to-date: /home/shrirag10/rtab_ws/install/rtabmap/include/rtabmap-0.21/rtabmap/core/global_map
[1.835s] -- Up-to-date: /home/shrirag10/rtab_ws/install/rtabmap/include/rtabmap-0.21/rtabmap/core/global_map/OccupancyGrid.h
[1.835s] -- Up-to-date: /home/shrirag10/rtab_ws/install/rtabmap/include/rtabmap-0.21/rtabmap/core/global_map/GridMap.h
[1.836s] -- Up-to-date: /home/shrirag10/rtab_ws/install/rtabmap/include/rtabmap-0.21/rtabmap/core/global_map/CloudMap.h
[1.836s] -- Up-to-date: /home/shrirag10/rtab_ws/install/rtabmap/include/rtabmap-0.21/rtabmap/core/global_map/OctoMap.h
[1.836s] -- Up-to-date: /home/shrirag10/rtab_ws/install/rtabmap/include/rtabmap-0.21/rtabmap/core/util3d_features.h
[1.836s] -- Up-to-date: /home/shrirag10/rtab_ws/install/rtabmap/include/rtabmap-0.21/rtabmap/core/SensorCaptureInfo.h
[1.836s] -- Up-to-date: /home/shrirag10/rtab_ws/install/rtabmap/include/rtabmap-0.21/rtabmap/core/camera
[1.836s] -- Up-to-date: /home/shrirag10/rtab_ws/install/rtabmap/include/rtabmap-0.21/rtabmap/core/camera/CameraStereoFlyCapture2.h
[1.836s] -- Up-to-date: /home/shrirag10/rtab_ws/install/rtabmap/include/rtabmap-0.21/rtabmap/core/camera/CameraStereoZed.h
[1.836s] -- Up-to-date: /home/shrirag10/rtab_ws/install/rtabmap/include/rtabmap-0.21/rtabmap/core/camera/CameraOpenNICV.h
[1.836s] -- Up-to-date: /home/shrirag10/rtab_ws/install/rtabmap/include/rtabmap-0.21/rtabmap/core/camera/CameraImages.h
[1.836s] -- Up-to-date: /home/shrirag10/rtab_ws/install/rtabmap/include/rtabmap-0.21/rtabmap/core/camera/CameraStereoVideo.h
[1.836s] -- Up-to-date: /home/shrirag10/rtab_ws/install/rtabmap/include/rtabmap-0.21/rtabmap/core/camera/CameraFreenect.h
[1.836s] -- Up-to-date: /home/shrirag10/rtab_ws/install/rtabmap/include/rtabmap-0.21/rtabmap/core/camera/CameraVideo.h
[1.836s] -- Up-to-date: /home/shrirag10/rtab_ws/install/rtabmap/include/rtabmap-0.21/rtabmap/core/camera/CameraRealSense.h
[1.837s] -- Up-to-date: /home/shrirag10/rtab_ws/install/rtabmap/include/rtabmap-0.21/rtabmap/core/camera/CameraFreenect2.h
[1.837s] -- Up-to-date: /home/shrirag10/rtab_ws/install/rtabmap/include/rtabmap-0.21/rtabmap/core/camera/CameraRGBDImages.h
[1.837s] -- Up-to-date: /home/shrirag10/rtab_ws/install/rtabmap/include/rtabmap-0.21/rtabmap/core/camera/CameraMyntEye.h
[1.837s] -- Up-to-date: /home/shrirag10/rtab_ws/install/rtabmap/include/rtabmap-0.21/rtabmap/core/camera/CameraSeerSense.h
[1.837s] -- Up-to-date: /home/shrirag10/rtab_ws/install/rtabmap/include/rtabmap-0.21/rtabmap/core/camera/CameraOpenni.h
[1.837s] -- Up-to-date: /home/shrirag10/rtab_ws/install/rtabmap/include/rtabmap-0.21/rtabmap/core/camera/CameraK4A.h
[1.837s] -- Up-to-date: /home/shrirag10/rtab_ws/install/rtabmap/include/rtabmap-0.21/rtabmap/core/camera/CameraStereoImages.h
[1.837s] -- Up-to-date: /home/shrirag10/rtab_ws/install/rtabmap/include/rtabmap-0.21/rtabmap/core/camera/CameraRealSense2.h
[1.837s] -- Up-to-date: /home/shrirag10/rtab_ws/install/rtabmap/include/rtabmap-0.21/rtabmap/core/camera/CameraStereoTara.h
[1.837s] -- Up-to-date: /home/shrirag10/rtab_ws/install/rtabmap/include/rtabmap-0.21/rtabmap/core/camera/CameraDepthAI.h
[1.837s] -- Up-to-date: /home/shrirag10/rtab_ws/install/rtabmap/include/rtabmap-0.21/rtabmap/core/camera/CameraK4W2.h
[1.837s] -- Up-to-date: /home/shrirag10/rtab_ws/install/rtabmap/include/rtabmap-0.21/rtabmap/core/camera/CameraStereoDC1394.h
[1.837s] -- Up-to-date: /home/shrirag10/rtab_ws/install/rtabmap/include/rtabmap-0.21/rtabmap/core/camera/CameraOpenNI2.h
[1.837s] -- Up-to-date: /home/shrirag10/rtab_ws/install/rtabmap/include/rtabmap-0.21/rtabmap/core/camera/CameraStereoZedOC.h
[1.837s] -- Up-to-date: /home/shrirag10/rtab_ws/install/rtabmap/include/rtabmap-0.21/rtabmap/core/Signature.h
[1.837s] -- Up-to-date: /home/shrirag10/rtab_ws/install/rtabmap/include/rtabmap-0.21/rtabmap/core/SensorEvent.h
[1.837s] -- Up-to-date: /home/shrirag10/rtab_ws/install/rtabmap/include/rtabmap-0.21/rtabmap/core/IMUThread.h
[1.838s] -- Up-to-date: /home/shrirag10/rtab_ws/install/rtabmap/include/rtabmap-0.21/rtabmap/core/GPS.h
[1.838s] -- Up-to-date: /home/shrirag10/rtab_ws/install/rtabmap/include/rtabmap-0.21/rtabmap/core/optimizer
[1.838s] -- Up-to-date: /home/shrirag10/rtab_ws/install/rtabmap/include/rtabmap-0.21/rtabmap/core/optimizer/OptimizerTORO.h
[1.838s] -- Up-to-date: /home/shrirag10/rtab_ws/install/rtabmap/include/rtabmap-0.21/rtabmap/core/optimizer/OptimizerCVSBA.h
[1.838s] -- Up-to-date: /home/shrirag10/rtab_ws/install/rtabmap/include/rtabmap-0.21/rtabmap/core/optimizer/OptimizerG2O.h
[1.838s] -- Up-to-date: /home/shrirag10/rtab_ws/install/rtabmap/include/rtabmap-0.21/rtabmap/core/optimizer/OptimizerCeres.h
[1.838s] -- Up-to-date: /home/shrirag10/rtab_ws/install/rtabmap/include/rtabmap-0.21/rtabmap/core/optimizer/OptimizerGTSAM.h
[1.838s] -- Up-to-date: /home/shrirag10/rtab_ws/install/rtabmap/include/rtabmap-0.21/rtabmap/core/OccupancyGrid.h
[1.838s] -- Up-to-date: /home/shrirag10/rtab_ws/install/rtabmap/include/rtabmap-0.21/rtabmap/core/RtabmapEvent.h
[1.838s] -- Up-to-date: /home/shrirag10/rtab_ws/install/rtabmap/include/rtabmap-0.21/rtabmap/core/clams
[1.838s] -- Up-to-date: /home/shrirag10/rtab_ws/install/rtabmap/include/rtabmap-0.21/rtabmap/core/clams/frame_projector.h
[1.838s] -- Up-to-date: /home/shrirag10/rtab_ws/install/rtabmap/include/rtabmap-0.21/rtabmap/core/clams/slam_calibrator.h
[1.838s] -- Up-to-date: /home/shrirag10/rtab_ws/install/rtabmap/include/rtabmap-0.21/rtabmap/core/clams/discrete_depth_distortion_model.h
[1.838s] -- Up-to-date: /home/shrirag10/rtab_ws/install/rtabmap/include/rtabmap-0.21/rtabmap/core/OdometryEvent.h
[1.838s] -- Up-to-date: /home/shrirag10/rtab_ws/install/rtabmap/include/rtabmap-0.21/rtabmap/core/Landmark.h
[1.839s] -- Up-to-date: /home/shrirag10/rtab_ws/install/rtabmap/include/rtabmap-0.21/rtabmap/core/Rtabmap.h
[1.839s] -- Up-to-date: /home/shrirag10/rtab_ws/install/rtabmap/include/rtabmap-0.21/rtabmap/core/util3d_correspondences.h
[1.839s] -- Up-to-date: /home/shrirag10/rtab_ws/install/rtabmap/include/rtabmap-0.21/rtabmap/core/DBDriverSqlite3.h
[1.839s] -- Up-to-date: /home/shrirag10/rtab_ws/install/rtabmap/include/rtabmap-0.21/rtabmap/core/odometry
[1.839s] -- Up-to-date: /home/shrirag10/rtab_ws/install/rtabmap/include/rtabmap-0.21/rtabmap/core/odometry/OdometryORBSLAM3.h
[1.839s] -- Up-to-date: /home/shrirag10/rtab_ws/install/rtabmap/include/rtabmap-0.21/rtabmap/core/odometry/OdometryMono.h
[1.839s] -- Up-to-date: /home/shrirag10/rtab_ws/install/rtabmap/include/rtabmap-0.21/rtabmap/core/odometry/OdometryFLOAM.h
[1.839s] -- Up-to-date: /home/shrirag10/rtab_ws/install/rtabmap/include/rtabmap-0.21/rtabmap/core/odometry/OdometryF2M.h
[1.839s] -- Up-to-date: /home/shrirag10/rtab_ws/install/rtabmap/include/rtabmap-0.21/rtabmap/core/odometry/OdometryDVO.h
[1.840s] -- Up-to-date: /home/shrirag10/rtab_ws/install/rtabmap/include/rtabmap-0.21/rtabmap/core/odometry/OdometryOpen3D.h
[1.840s] -- Up-to-date: /home/shrirag10/rtab_ws/install/rtabmap/include/rtabmap-0.21/rtabmap/core/odometry/OdometryViso2.h
[1.840s] -- Up-to-date: /home/shrirag10/rtab_ws/install/rtabmap/include/rtabmap-0.21/rtabmap/core/odometry/OdometryOkvis.h
[1.840s] -- Up-to-date: /home/shrirag10/rtab_ws/install/rtabmap/include/rtabmap-0.21/rtabmap/core/odometry/OdometryF2F.h
[1.840s] -- Up-to-date: /home/shrirag10/rtab_ws/install/rtabmap/include/rtabmap-0.21/rtabmap/core/odometry/OdometryORBSLAM2.h
[1.840s] -- Up-to-date: /home/shrirag10/rtab_ws/install/rtabmap/include/rtabmap-0.21/rtabmap/core/odometry/OdometryVINS.h
[1.840s] -- Up-to-date: /home/shrirag10/rtab_ws/install/rtabmap/include/rtabmap-0.21/rtabmap/core/odometry/OdometryOpenVINS.h
[1.840s] -- Up-to-date: /home/shrirag10/rtab_ws/install/rtabmap/include/rtabmap-0.21/rtabmap/core/odometry/OdometryLOAM.h
[1.840s] -- Up-to-date: /home/shrirag10/rtab_ws/install/rtabmap/include/rtabmap-0.21/rtabmap/core/odometry/OdometryMSCKF.h
[1.840s] -- Up-to-date: /home/shrirag10/rtab_ws/install/rtabmap/include/rtabmap-0.21/rtabmap/core/odometry/OdometryFovis.h
[1.840s] -- Up-to-date: /home/shrirag10/rtab_ws/install/rtabmap/include/rtabmap-0.21/rtabmap/core/util3d_transforms.h
[1.840s] -- Up-to-date: /home/shrirag10/rtab_ws/install/rtabmap/include/rtabmap-0.21/rtabmap/core/PDALWriter.h
[1.840s] -- Up-to-date: /home/shrirag10/rtab_ws/install/rtabmap/include/rtabmap-0.21/rtabmap/core/Registration.h
[1.840s] -- Up-to-date: /home/shrirag10/rtab_ws/install/rtabmap/include/rtabmap-0.21/rtabmap/core/SensorData.h
[1.840s] -- Up-to-date: /home/shrirag10/rtab_ws/install/rtabmap/include/rtabmap-0.21/rtabmap/core/DBDriver.h
[1.840s] -- Up-to-date: /home/shrirag10/rtab_ws/install/rtabmap/include/rtabmap-0.21/rtabmap/core/util3d_mapping.h
[1.841s] -- Up-to-date: /home/shrirag10/rtab_ws/install/rtabmap/include/rtabmap-0.21/rtabmap/core/Statistics.h
[1.841s] -- Up-to-date: /home/shrirag10/rtab_ws/install/rtabmap/include/rtabmap-0.21/rtabmap/core/GainCompensator.h
[1.841s] -- Up-to-date: /home/shrirag10/rtab_ws/install/rtabmap/include/rtabmap-0.21/rtabmap/core/CameraInfo.h
[1.841s] -- Up-to-date: /home/shrirag10/rtab_ws/install/rtabmap/include/rtabmap-0.21/rtabmap/core/CameraRGBD.h
[1.841s] -- Up-to-date: /home/shrirag10/rtab_ws/install/rtabmap/include/rtabmap-0.21/rtabmap/core/OdometryThread.h
[1.841s] -- Up-to-date: /home/shrirag10/rtab_ws/install/rtabmap/include/rtabmap-0.21/rtabmap/core/GlobalDescriptor.h
[1.841s] -- Up-to-date: /home/shrirag10/rtab_ws/install/rtabmap/include/rtabmap-0.21/rtabmap/core/IMU.h
[1.841s] -- Up-to-date: /home/shrirag10/rtab_ws/install/rtabmap/include/rtabmap-0.21/rtabmap/core/LocalGrid.h
[1.841s] -- Up-to-date: /home/shrirag10/rtab_ws/install/rtabmap/include/rtabmap-0.21/rtabmap/core/Optimizer.h
[1.841s] -- Up-to-date: /home/shrirag10/rtab_ws/install/rtabmap/include/rtabmap-0.21/rtabmap/core/CameraEvent.h
[1.841s] -- Up-to-date: /home/shrirag10/rtab_ws/install/rtabmap/include/rtabmap-0.21/rtabmap/core/Graph.h
[1.841s] -- Up-to-date: /home/shrirag10/rtab_ws/install/rtabmap/include/rtabmap-0.21/rtabmap/core/PythonInterface.h
[1.841s] -- Up-to-date: /home/shrirag10/rtab_ws/install/rtabmap/include/rtabmap-0.21/rtabmap/core/MarkerDetector.h
[1.841s] -- Up-to-date: /home/shrirag10/rtab_ws/install/rtabmap/include/rtabmap-0.21/rtabmap/core/util3d_surface.h
[1.841s] -- Up-to-date: /home/shrirag10/rtab_ws/install/rtabmap/include/rtabmap-0.21/rtabmap/core/Memory.h
[1.841s] -- Up-to-date: /home/shrirag10/rtab_ws/install/rtabmap/include/rtabmap-0.21/rtabmap/core/Camera.h
[1.841s] -- Up-to-date: /home/shrirag10/rtab_ws/install/rtabmap/include/rtabmap-0.21/rtabmap/core/CameraThread.h
[1.842s] -- Up-to-date: /home/shrirag10/rtab_ws/install/rtabmap/include/rtabmap-0.21/rtabmap/core/FlannIndex.h
[1.842s] -- Up-to-date: /home/shrirag10/rtab_ws/install/rtabmap/include/rtabmap-0.21/rtabmap/core/EnvSensor.h
[1.842s] -- Up-to-date: /home/shrirag10/rtab_ws/install/rtabmap/include/rtabmap-0.21/rtabmap/core/GeodeticCoords.h
[1.842s] -- Up-to-date: /home/shrirag10/rtab_ws/install/rtabmap/include/rtabmap-0.21/rtabmap/core/LASWriter.h
[1.842s] -- Up-to-date: /home/shrirag10/rtab_ws/install/rtabmap/include/rtabmap-0.21/rtabmap/core/Transform.h
[1.842s] -- Up-to-date: /home/shrirag10/rtab_ws/install/rtabmap/include/rtabmap-0.21/rtabmap/core/Odometry.h
[1.842s] -- Up-to-date: /home/shrirag10/rtab_ws/install/rtabmap/include/rtabmap-0.21/rtabmap/core/CameraStereo.h
[1.842s] -- Up-to-date: /home/shrirag10/rtab_ws/install/rtabmap/include/rtabmap-0.21/rtabmap/core/util3d.h
[1.842s] -- Up-to-date: /home/shrirag10/rtab_ws/install/rtabmap/include/rtabmap-0.21/rtabmap/core/Image.h
[1.842s] -- Up-to-date: /home/shrirag10/rtab_ws/install/rtabmap/include/rtabmap-0.21/rtabmap/core/RegistrationIcp.h
[1.843s] -- Up-to-date: /home/shrirag10/rtab_ws/install/rtabmap/include/rtabmap-0.21/rtabmap/core/SensorCaptureThread.h
[1.843s] -- Up-to-date: /home/shrirag10/rtab_ws/install/rtabmap/include/rtabmap-0.21/rtabmap/core/CameraRGB.h
[1.843s] -- Up-to-date: /home/shrirag10/rtab_ws/install/rtabmap/include/rtabmap-0.21/rtabmap/core/ParamEvent.h
[1.843s] -- Up-to-date: /home/shrirag10/rtab_ws/install/rtabmap/include/rtabmap-0.21/rtabmap/core/RtabmapThread.h
[1.843s] -- Up-to-date: /home/shrirag10/rtab_ws/install/rtabmap/include/rtabmap-0.21/rtabmap/core/stereo
[1.843s] -- Up-to-date: /home/shrirag10/rtab_ws/install/rtabmap/include/rtabmap-0.21/rtabmap/core/stereo/StereoBM.h
[1.843s] -- Up-to-date: /home/shrirag10/rtab_ws/install/rtabmap/include/rtabmap-0.21/rtabmap/core/stereo/StereoSGBM.h
[1.843s] -- Up-to-date: /home/shrirag10/rtab_ws/install/rtabmap/include/rtabmap-0.21/rtabmap/core/stereo/stereoRectifyFisheye.h
[1.843s] -- Up-to-date: /home/shrirag10/rtab_ws/install/rtabmap/include/rtabmap-0.21/rtabmap/core/Compression.h
[1.843s] -- Up-to-date: /home/shrirag10/rtab_ws/install/rtabmap/include/rtabmap-0.21/rtabmap/core/UserDataEvent.h
[1.843s] -- Up-to-date: /home/shrirag10/rtab_ws/install/rtabmap/include/rtabmap-0.21/rtabmap/core/util3d_filtering.h
[1.843s] -- Up-to-date: /home/shrirag10/rtab_ws/install/rtabmap/include/rtabmap-0.21/rtabmap/core/util3d_motion_estimation.h
[1.843s] -- Up-to-date: /home/shrirag10/rtab_ws/install/rtabmap/include/rtabmap-0.21/rtabmap/core/Features2d.h
[1.843s] -- Up-to-date: /home/shrirag10/rtab_ws/install/rtabmap/include/rtabmap-0.21/rtabmap/core/EpipolarGeometry.h
[1.843s] -- Up-to-date: /home/shrirag10/rtab_ws/install/rtabmap/include/rtabmap-0.21/rtabmap/core/impl
[1.843s] -- Up-to-date: /home/shrirag10/rtab_ws/install/rtabmap/include/rtabmap-0.21/rtabmap/core/impl/util3d.hpp
[1.844s] -- Up-to-date: /home/shrirag10/rtab_ws/install/rtabmap/include/rtabmap-0.21/rtabmap/core/impl/util3d_surface.hpp
[1.844s] -- Up-to-date: /home/shrirag10/rtab_ws/install/rtabmap/include/rtabmap-0.21/rtabmap/core/impl/LocalMapMaker.hpp
[1.844s] -- Up-to-date: /home/shrirag10/rtab_ws/install/rtabmap/include/rtabmap-0.21/rtabmap/core/impl/util3d_mapping.hpp
[1.844s] -- Up-to-date: /home/shrirag10/rtab_ws/install/rtabmap/include/rtabmap-0.21/rtabmap/core/Parameters.h
[1.844s] -- Up-to-date: /home/shrirag10/rtab_ws/install/rtabmap/include/rtabmap-0.21/rtabmap/core/IMUFilter.h
[1.844s] -- Up-to-date: /home/shrirag10/rtab_ws/install/rtabmap/include/rtabmap-0.21/rtabmap/core/LocalGridMaker.h
[1.844s] -- Up-to-date: /home/shrirag10/rtab_ws/install/rtabmap/include/rtabmap-0.21/rtabmap/core/Recovery.h
[1.844s] -- Up-to-date: /home/shrirag10/rtab_ws/install/rtabmap/include/rtabmap-0.21/rtabmap/core/ParticleFilter.h
[1.844s] -- Up-to-date: /home/shrirag10/rtab_ws/install/rtabmap/include/rtabmap-0.21/rtabmap/core/VWDictionary.h
[1.844s] -- Up-to-date: /home/shrirag10/rtab_ws/install/rtabmap/include/rtabmap-0.21/rtabmap/core/util3d_registration.h
[1.844s] -- Up-to-date: /home/shrirag10/rtab_ws/install/rtabmap/include/rtabmap-0.21/rtabmap/core/util2d.h
[1.844s] -- Up-to-date: /home/shrirag10/rtab_ws/install/rtabmap/include/rtabmap-0.21/rtabmap/core/GlobalDescriptorExtractor.h
[1.844s] -- Up-to-date: /home/shrirag10/rtab_ws/install/rtabmap/include/rtabmap-0.21/rtabmap/core/LaserScan.h
[1.844s] -- Up-to-date: /home/shrirag10/rtab_ws/install/rtabmap/include/rtabmap-0.21/rtabmap/core/RegistrationVis.h
[1.844s] -- Up-to-date: /home/shrirag10/rtab_ws/install/rtabmap/include/rtabmap-0.21/rtabmap/core/ProgressState.h
[1.844s] -- Up-to-date: /home/shrirag10/rtab_ws/install/rtabmap/include/rtabmap-0.21/rtabmap/core/StereoDense.h
[1.844s] -- Up-to-date: /home/shrirag10/rtab_ws/install/rtabmap/include/rtabmap-0.21/rtabmap/core/OctoMap.h
[1.845s] -- Up-to-date: /home/shrirag10/rtab_ws/install/rtabmap/include/rtabmap-0.21/rtabmap
[1.845s] -- Up-to-date: /home/shrirag10/rtab_ws/install/rtabmap/include/rtabmap-0.21/rtabmap/core
[1.845s] -- Up-to-date: /home/shrirag10/rtab_ws/install/rtabmap/include/rtabmap-0.21/rtabmap/core/Version.h
[1.845s] -- Up-to-date: /home/shrirag10/rtab_ws/install/rtabmap/include/rtabmap-0.21/rtabmap/core/rtabmap_core_export.h
[1.845s] -- Up-to-date: /home/shrirag10/rtab_ws/install/rtabmap/lib/rtabmap-0.21/RTABMap_coreTargets.cmake
[1.845s] -- Up-to-date: /home/shrirag10/rtab_ws/install/rtabmap/lib/rtabmap-0.21/RTABMap_coreTargets-release.cmake
[1.845s] -- Up-to-date: /home/shrirag10/rtab_ws/install/rtabmap/lib/librtabmap_gui.so.0.21.9
[1.845s] -- Up-to-date: /home/shrirag10/rtab_ws/install/rtabmap/lib/librtabmap_gui.so.0.21
[1.845s] -- Up-to-date: /home/shrirag10/rtab_ws/install/rtabmap/lib/librtabmap_gui.so
[1.845s] -- Up-to-date: /home/shrirag10/rtab_ws/install/rtabmap/include/rtabmap-0.21/rtabmap
[1.845s] -- Up-to-date: /home/shrirag10/rtab_ws/install/rtabmap/include/rtabmap-0.21/rtabmap/gui
[1.845s] -- Up-to-date: /home/shrirag10/rtab_ws/install/rtabmap/include/rtabmap-0.21/rtabmap/gui/PdfPlot.h
[1.845s] -- Up-to-date: /home/shrirag10/rtab_ws/install/rtabmap/include/rtabmap-0.21/rtabmap/gui/ParametersToolBox.h
[1.845s] -- Up-to-date: /home/shrirag10/rtab_ws/install/rtabmap/include/rtabmap-0.21/rtabmap/gui/EditConstraintDialog.h
[1.845s] -- Up-to-date: /home/shrirag10/rtab_ws/install/rtabmap/include/rtabmap-0.21/rtabmap/gui/ImageView.h
[1.845s] -- Up-to-date: /home/shrirag10/rtab_ws/install/rtabmap/include/rtabmap-0.21/rtabmap/gui/KeypointItem.h
[1.845s] -- Up-to-date: /home/shrirag10/rtab_ws/install/rtabmap/include/rtabmap-0.21/rtabmap/gui/ExportCloudsDialog.h
[1.846s] -- Up-to-date: /home/shrirag10/rtab_ws/install/rtabmap/include/rtabmap-0.21/rtabmap/gui/LinkRefiningDialog.h
[1.846s] -- Up-to-date: /home/shrirag10/rtab_ws/install/rtabmap/include/rtabmap-0.21/rtabmap/gui/CreateSimpleCalibrationDialog.h
[1.846s] -- Up-to-date: /home/shrirag10/rtab_ws/install/rtabmap/include/rtabmap-0.21/rtabmap/gui/CloudViewerInteractorStyle.h
[1.846s] -- Up-to-date: /home/shrirag10/rtab_ws/install/rtabmap/include/rtabmap-0.21/rtabmap/gui/ExportBundlerDialog.h
[1.846s] -- Up-to-date: /home/shrirag10/rtab_ws/install/rtabmap/include/rtabmap-0.21/rtabmap/gui/DepthCalibrationDialog.h
[1.846s] -- Up-to-date: /home/shrirag10/rtab_ws/install/rtabmap/include/rtabmap-0.21/rtabmap/gui/PreferencesDialog.h
[1.846s] -- Up-to-date: /home/shrirag10/rtab_ws/install/rtabmap/include/rtabmap-0.21/rtabmap/gui/OdometryViewer.h
[1.846s] -- Up-to-date: /home/shrirag10/rtab_ws/install/rtabmap/include/rtabmap-0.21/rtabmap/gui/MainWindow.h
[1.846s] -- Up-to-date: /home/shrirag10/rtab_ws/install/rtabmap/include/rtabmap-0.21/rtabmap/gui/MapVisibilityWidget.h
[1.846s] -- Up-to-date: /home/shrirag10/rtab_ws/install/rtabmap/include/rtabmap-0.21/rtabmap/gui/ConsoleWidget.h
[1.846s] -- Up-to-date: /home/shrirag10/rtab_ws/install/rtabmap/include/rtabmap-0.21/rtabmap/gui/LoopClosureViewer.h
[1.846s] -- Up-to-date: /home/shrirag10/rtab_ws/install/rtabmap/include/rtabmap-0.21/rtabmap/gui/ExportDialog.h
[1.846s] -- Up-to-date: /home/shrirag10/rtab_ws/install/rtabmap/include/rtabmap-0.21/rtabmap/gui/GraphViewer.h
[1.846s] -- Up-to-date: /home/shrirag10/rtab_ws/install/rtabmap/include/rtabmap-0.21/rtabmap/gui/ProgressDialog.h
[1.846s] -- Up-to-date: /home/shrirag10/rtab_ws/install/rtabmap/include/rtabmap-0.21/rtabmap/gui/StatsToolBox.h
[1.846s] -- Up-to-date: /home/shrirag10/rtab_ws/install/rtabmap/include/rtabmap-0.21/rtabmap/gui/EditDepthArea.h
[1.847s] -- Up-to-date: /home/shrirag10/rtab_ws/install/rtabmap/include/rtabmap-0.21/rtabmap/gui/MultiSessionLocWidget.h
[1.847s] -- Up-to-date: /home/shrirag10/rtab_ws/install/rtabmap/include/rtabmap-0.21/rtabmap/gui/DatabaseViewer.h
[1.847s] -- Up-to-date: /home/shrirag10/rtab_ws/install/rtabmap/include/rtabmap-0.21/rtabmap/gui/CalibrationDialog.h
[1.847s] -- Up-to-date: /home/shrirag10/rtab_ws/install/rtabmap/include/rtabmap-0.21/rtabmap/gui/CloudViewerCellPicker.h
[1.847s] -- Up-to-date: /home/shrirag10/rtab_ws/install/rtabmap/include/rtabmap-0.21/rtabmap/gui/CloudViewer.h
[1.847s] -- Up-to-date: /home/shrirag10/rtab_ws/install/rtabmap/include/rtabmap-0.21/rtabmap/gui/RecoveryState.h
[1.847s] -- Up-to-date: /home/shrirag10/rtab_ws/install/rtabmap/include/rtabmap-0.21/rtabmap/gui/EditMapArea.h
[1.847s] -- Up-to-date: /home/shrirag10/rtab_ws/install/rtabmap/include/rtabmap-0.21/rtabmap/gui/MultiSessionLocSubView.h
[1.847s] -- Up-to-date: /home/shrirag10/rtab_ws/install/rtabmap/include/rtabmap-0.21/rtabmap/gui/TexturingState.h
[1.847s] -- Up-to-date: /home/shrirag10/rtab_ws/install/rtabmap/include/rtabmap-0.21/rtabmap/gui/CameraViewer.h
[1.847s] -- Up-to-date: /home/shrirag10/rtab_ws/install/rtabmap/include/rtabmap-0.21/rtabmap/gui/AboutDialog.h
[1.847s] -- Up-to-date: /home/shrirag10/rtab_ws/install/rtabmap/include/rtabmap-0.21/rtabmap/gui/PostProcessingDialog.h
[1.847s] -- Up-to-date: /home/shrirag10/rtab_ws/install/rtabmap/include/rtabmap-0.21/rtabmap/gui/DataRecorder.h
[1.847s] -- Up-to-date: /home/shrirag10/rtab_ws/install/rtabmap/include/rtabmap-0.21/rtabmap/utilite
[1.847s] -- Up-to-date: /home/shrirag10/rtab_ws/install/rtabmap/include/rtabmap-0.21/rtabmap/utilite/UCv2Qt.h
[1.847s] -- Up-to-date: /home/shrirag10/rtab_ws/install/rtabmap/include/rtabmap-0.21/rtabmap/utilite/UImageView.h
[1.847s] -- Up-to-date: /home/shrirag10/rtab_ws/install/rtabmap/include/rtabmap-0.21/rtabmap/utilite/UPlot.h
[1.848s] -- Up-to-date: /home/shrirag10/rtab_ws/install/rtabmap/include/rtabmap-0.21/rtabmap
[1.848s] -- Up-to-date: /home/shrirag10/rtab_ws/install/rtabmap/include/rtabmap-0.21/rtabmap/gui
[1.848s] -- Up-to-date: /home/shrirag10/rtab_ws/install/rtabmap/include/rtabmap-0.21/rtabmap/gui/rtabmap_gui_export.h
[1.848s] -- Up-to-date: /home/shrirag10/rtab_ws/install/rtabmap/lib/rtabmap-0.21/RTABMap_guiTargets.cmake
[1.848s] -- Up-to-date: /home/shrirag10/rtab_ws/install/rtabmap/lib/rtabmap-0.21/RTABMap_guiTargets-release.cmake
[1.848s] -- Up-to-date: /home/shrirag10/rtab_ws/install/rtabmap/bin/rtabmap
[1.848s] -- Up-to-date: /home/shrirag10/rtab_ws/install/rtabmap/bin/rtabmap-console
[1.848s] -- Up-to-date: /home/shrirag10/rtab_ws/install/rtabmap/bin/rtabmap-extractObject
[1.848s] -- Up-to-date: /home/shrirag10/rtab_ws/install/rtabmap/bin/rtabmap-camera
[1.848s] -- Up-to-date: /home/shrirag10/rtab_ws/install/rtabmap/bin/rtabmap-kitti_dataset
[1.848s] -- Up-to-date: /home/shrirag10/rtab_ws/install/rtabmap/bin/rtabmap-rgbd_dataset
[1.849s] -- Up-to-date: /home/shrirag10/rtab_ws/install/rtabmap/bin/rtabmap-euroc_dataset
[1.850s] -- Up-to-date: /home/shrirag10/rtab_ws/install/rtabmap/bin/rtabmap-recovery
[1.851s] -- Up-to-date: /home/shrirag10/rtab_ws/install/rtabmap/bin/rtabmap-reprocess
[1.851s] -- Up-to-date: /home/shrirag10/rtab_ws/install/rtabmap/bin/rtabmap-detectMoreLoopClosures
[1.852s] -- Up-to-date: /home/shrirag10/rtab_ws/install/rtabmap/bin/rtabmap-export
[1.853s] -- Up-to-date: /home/shrirag10/rtab_ws/install/rtabmap/bin/rtabmap-report
[1.854s] -- Up-to-date: /home/shrirag10/rtab_ws/install/rtabmap/bin/rtabmap-info
[1.854s] -- Up-to-date: /home/shrirag10/rtab_ws/install/rtabmap/bin/rtabmap-cleanupLocalGrids
[1.855s] -- Up-to-date: /home/shrirag10/rtab_ws/install/rtabmap/bin/rtabmap-globalBundleAdjustment
[1.856s] -- Up-to-date: /home/shrirag10/rtab_ws/install/rtabmap/bin/rtabmap-rgbd_camera
[1.857s] -- Up-to-date: /home/shrirag10/rtab_ws/install/rtabmap/bin/rtabmap-lidar_viewer
[1.858s] -- Up-to-date: /home/shrirag10/rtab_ws/install/rtabmap/bin/rtabmap-databaseViewer
[1.859s] -- Up-to-date: /home/shrirag10/rtab_ws/install/rtabmap/bin/rtabmap-odometryViewer
[1.859s] -- Up-to-date: /home/shrirag10/rtab_ws/install/rtabmap/bin/rtabmap-dataRecorder
[1.860s] -- Up-to-date: /home/shrirag10/rtab_ws/install/rtabmap/bin/rtabmap-calibration
[1.862s] -- Up-to-date: /home/shrirag10/rtab_ws/install/rtabmap/lib/rtabmap-0.21/RTABMapTargets.cmake
[1.862s] -- Up-to-date: /home/shrirag10/rtab_ws/install/rtabmap/lib/rtabmap-0.21/RTABMapConfig.cmake
[1.862s] -- Up-to-date: /home/shrirag10/rtab_ws/install/rtabmap/lib/rtabmap-0.21/RTABMapConfigVersion.cmake
[1.862s] -- Up-to-date: /home/shrirag10/rtab_ws/install/rtabmap/share/rtabmap/package.xml
[1.865s] Invoked command in '/home/shrirag10/rtab_ws/build/rtabmap' returned '0': CMAKE_PREFIX_PATH=${CMAKE_PREFIX_PATH}:/home/shrirag10/final_rsn/install/rtabmap_dataset_processor:/home/shrirag10/final_rsn/install/rtabmap_python:/opt/ros/humble /usr/bin/cmake --install /home/shrirag10/rtab_ws/build/rtabmap
