[35m[1mConsolidate compiler generated dependencies of target rtabmap_viz[0m
[100%] Built target rtabmap_viz
-- Install configuration: "Release"
-- Execute custom install script
-- Up-to-date symlink: /home/shrirag10/rtab_ws/install/rtabmap_viz/lib/rtabmap_viz/rtabmap_viz
-- Up-to-date symlink: /home/shrirag10/rtab_ws/install/rtabmap_viz/share/ament_index/resource_index/package_run_dependencies/rtabmap_viz
-- Up-to-date symlink: /home/shrirag10/rtab_ws/install/rtabmap_viz/share/ament_index/resource_index/parent_prefix_path/rtabmap_viz
-- Up-to-date symlink: /home/shrirag10/rtab_ws/install/rtabmap_viz/share/rtabmap_viz/environment/ament_prefix_path.sh
-- Up-to-date symlink: /home/shrirag10/rtab_ws/install/rtabmap_viz/share/rtabmap_viz/environment/ament_prefix_path.dsv
-- Up-to-date symlink: /home/shrirag10/rtab_ws/install/rtabmap_viz/share/rtabmap_viz/environment/path.sh
-- Up-to-date symlink: /home/shrirag10/rtab_ws/install/rtabmap_viz/share/rtabmap_viz/environment/path.dsv
-- Up-to-date symlink: /home/shrirag10/rtab_ws/install/rtabmap_viz/share/rtabmap_viz/local_setup.bash
-- Up-to-date symlink: /home/shrirag10/rtab_ws/install/rtabmap_viz/share/rtabmap_viz/local_setup.sh
-- Up-to-date symlink: /home/shrirag10/rtab_ws/install/rtabmap_viz/share/rtabmap_viz/local_setup.zsh
-- Up-to-date symlink: /home/shrirag10/rtab_ws/install/rtabmap_viz/share/rtabmap_viz/local_setup.dsv
-- Symlinking: /home/shrirag10/rtab_ws/install/rtabmap_viz/share/rtabmap_viz/package.dsv
-- Up-to-date symlink: /home/shrirag10/rtab_ws/install/rtabmap_viz/share/ament_index/resource_index/packages/rtabmap_viz
-- Up-to-date symlink: /home/shrirag10/rtab_ws/install/rtabmap_viz/share/rtabmap_viz/cmake/rtabmap_vizConfig.cmake
-- Up-to-date symlink: /home/shrirag10/rtab_ws/install/rtabmap_viz/share/rtabmap_viz/cmake/rtabmap_vizConfig-version.cmake
-- Up-to-date symlink: /home/shrirag10/rtab_ws/install/rtabmap_viz/share/rtabmap_viz/package.xml
