[100%] Built target rtabmap_conversions
-- Install configuration: "Release"
-- Execute custom install script
-- Up-to-date symlink: /home/shrirag10/rtab_ws/install/rtabmap_conversions/share/rtabmap_conversions/environment/library_path.sh
-- Up-to-date symlink: /home/shrirag10/rtab_ws/install/rtabmap_conversions/share/rtabmap_conversions/environment/library_path.dsv
-- Up-to-date symlink: /home/shrirag10/rtab_ws/install/rtabmap_conversions/share/ament_index/resource_index/package_run_dependencies/rtabmap_conversions
-- Up-to-date symlink: /home/shrirag10/rtab_ws/install/rtabmap_conversions/share/ament_index/resource_index/parent_prefix_path/rtabmap_conversions
-- Up-to-date symlink: /home/shrirag10/rtab_ws/install/rtabmap_conversions/share/rtabmap_conversions/environment/ament_prefix_path.sh
-- Up-to-date symlink: /home/shrirag10/rtab_ws/install/rtabmap_conversions/share/rtabmap_conversions/environment/ament_prefix_path.dsv
-- Up-to-date symlink: /home/shrirag10/rtab_ws/install/rtabmap_conversions/share/rtabmap_conversions/environment/path.sh
-- Up-to-date symlink: /home/shrirag10/rtab_ws/install/rtabmap_conversions/share/rtabmap_conversions/environment/path.dsv
-- Up-to-date symlink: /home/shrirag10/rtab_ws/install/rtabmap_conversions/share/rtabmap_conversions/local_setup.bash
-- Up-to-date symlink: /home/shrirag10/rtab_ws/install/rtabmap_conversions/share/rtabmap_conversions/local_setup.sh
-- Up-to-date symlink: /home/shrirag10/rtab_ws/install/rtabmap_conversions/share/rtabmap_conversions/local_setup.zsh
-- Up-to-date symlink: /home/shrirag10/rtab_ws/install/rtabmap_conversions/share/rtabmap_conversions/local_setup.dsv
-- Symlinking: /home/shrirag10/rtab_ws/install/rtabmap_conversions/share/rtabmap_conversions/package.dsv
-- Up-to-date symlink: /home/shrirag10/rtab_ws/install/rtabmap_conversions/share/ament_index/resource_index/packages/rtabmap_conversions
-- Up-to-date symlink: /home/shrirag10/rtab_ws/install/rtabmap_conversions/share/rtabmap_conversions/cmake/ament_cmake_export_dependencies-extras.cmake
-- Up-to-date symlink: /home/shrirag10/rtab_ws/install/rtabmap_conversions/share/rtabmap_conversions/cmake/ament_cmake_export_include_directories-extras.cmake
-- Up-to-date symlink: /home/shrirag10/rtab_ws/install/rtabmap_conversions/share/rtabmap_conversions/cmake/ament_cmake_export_targets-extras.cmake
-- Up-to-date symlink: /home/shrirag10/rtab_ws/install/rtabmap_conversions/share/rtabmap_conversions/cmake/ament_cmake_export_libraries-extras.cmake
-- Up-to-date symlink: /home/shrirag10/rtab_ws/install/rtabmap_conversions/share/rtabmap_conversions/cmake/rtabmap_conversionsConfig.cmake
-- Up-to-date symlink: /home/shrirag10/rtab_ws/install/rtabmap_conversions/share/rtabmap_conversions/cmake/rtabmap_conversionsConfig-version.cmake
-- Up-to-date symlink: /home/shrirag10/rtab_ws/install/rtabmap_conversions/share/rtabmap_conversions/package.xml
-- Up-to-date: /home/shrirag10/rtab_ws/install/rtabmap_conversions/lib/librtabmap_conversions.so
-- Up-to-date: /home/shrirag10/rtab_ws/install/rtabmap_conversions/include
-- Up-to-date: /home/shrirag10/rtab_ws/install/rtabmap_conversions/include/rtabmap_conversions
-- Up-to-date: /home/shrirag10/rtab_ws/install/rtabmap_conversions/include/rtabmap_conversions/MsgConversion.h
-- Up-to-date: /home/shrirag10/rtab_ws/install/rtabmap_conversions/share/rtabmap_conversions/cmake/rtabmap_conversionsExport.cmake
-- Up-to-date: /home/shrirag10/rtab_ws/install/rtabmap_conversions/share/rtabmap_conversions/cmake/rtabmap_conversionsExport-release.cmake
