[0.017s] Invoking command in '/home/shrirag10/rtab_ws/build/rtabmap_conversions': AMENT_PREFIX_PATH=/home/shrirag10/rtab_ws/install/rtabmap_msgs:${AMENT_PREFIX_PATH} CMAKE_PREFIX_PATH=/home/shrirag10/rtab_ws/install/rtabmap_msgs:/home/shrirag10/rtab_ws/install/rtabmap:/home/shrirag10/final_rsn/install/zed_ros2:/home/shrirag10/final_rsn/install/zed_robot_integration:/home/shrirag10/final_rsn/install/zed_multi_camera:/home/shrirag10/final_rsn/install/zed_display_rviz2:/home/shrirag10/final_rsn/install/zed_depth_to_laserscan:/home/shrirag10/final_rsn/install/zed_wrapper:/home/shrirag10/final_rsn/install/zed_tutorial_video:/home/shrirag10/final_rsn/install/zed_tutorial_pos_tracking:/home/shrirag10/final_rsn/install/zed_tutorial_depth:/home/shrirag10/final_rsn/install/zed_topic_benchmark:/home/shrirag10/final_rsn/install/zed_topic_benchmark_component:/home/shrirag10/final_rsn/install/zed_topic_benchmark_interfaces:/home/shrirag10/final_rsn/install/zed_rgb_convert:/home/shrirag10/final_rsn/install/zed_aruco_localization:/home/shrirag10/final_rsn/install/zed_components:/home/shrirag10/final_rsn/install/rviz_plugin_zed_od:/home/shrirag10/final_rsn/install/zed_msgs:/home/shrirag10/final_rsn/install/rtabmap_ros:/home/shrirag10/final_rsn/install/rtabmap_launch:/home/shrirag10/final_rsn/install/rtabmap_examples:/home/shrirag10/final_rsn/install/rtabmap_demos:/home/shrirag10/final_rsn/install/rtabmap_viz:/home/shrirag10/final_rsn/install/rtabmap_slam:/home/shrirag10/final_rsn/install/rtabmap_odom:/home/shrirag10/final_rsn/install/rtabmap_util:/home/shrirag10/final_rsn/install/rtabmap_sync:/home/shrirag10/final_rsn/install/rtabmap_rviz_plugins:/home/shrirag10/final_rsn/install/rtabmap_conversions:/home/shrirag10/final_rsn/install/rtabmap_msgs:/home/shrirag10/final_rsn/install/rtabmap:/home/shrirag10/final_rsn/install/rtabmap_dataset_processor:/home/shrirag10/final_rsn/install/rtabmap_python:/opt/ros/humble LD_LIBRARY_PATH=/home/shrirag10/rtab_ws/install/rtabmap_msgs/lib:/home/shrirag10/rtab_ws/install/rtabmap/lib:${LD_LIBRARY_PATH} PATH=/home/shrirag10/rtab_ws/install/rtabmap/bin:${PATH} PKG_CONFIG_PATH=/home/shrirag10/rtab_ws/install/rtabmap/lib/x86_64-linux-gnu/pkgconfig:/home/shrirag10/rtab_ws/install/rtabmap/lib/pkgconfig:${PKG_CONFIG_PATH} PYTHONPATH=/home/shrirag10/rtab_ws/install/rtabmap_msgs/local/lib/python3.10/dist-packages:${PYTHONPATH} /usr/bin/cmake /home/shrirag10/rtab_ws/src/rtabmap_ros/rtabmap_conversions -DCMAKE_BUILD_TYPE=Release -DAMENT_CMAKE_SYMLINK_INSTALL=1 -DCMAKE_INSTALL_PREFIX=/home/shrirag10/rtab_ws/install/rtabmap_conversions
[0.095s] -- The C compiler identification is GNU 11.4.0
[0.163s] -- The CXX compiler identification is GNU 11.4.0
[0.169s] -- Detecting C compiler ABI info
[0.241s] -- Detecting C compiler ABI info - done
[0.247s] -- Check for working C compiler: /usr/bin/cc - skipped
[0.247s] -- Detecting C compile features
[0.247s] -- Detecting C compile features - done
[0.249s] -- Detecting CXX compiler ABI info
[0.338s] -- Detecting CXX compiler ABI info - done
[0.350s] -- Check for working CXX compiler: /usr/bin/c++ - skipped
[0.350s] -- Detecting CXX compile features
[0.351s] -- Detecting CXX compile features - done
[0.355s] -- Found ament_cmake: 1.3.10 (/opt/ros/humble/share/ament_cmake/cmake)
[0.476s] -- Found Python3: /usr/bin/python3 (found version "3.10.12") found components: Interpreter 
[0.528s] -- Override CMake install command with custom implementation using symlinks instead of copying resources
[0.564s] -- Found cv_bridge: 3.2.1 (/opt/ros/humble/share/cv_bridge/cmake)
[0.608s] -- Found rosidl_generator_c: 3.1.5 (/opt/ros/humble/share/rosidl_generator_c/cmake)
[0.614s] -- Found rosidl_adapter: 3.1.5 (/opt/ros/humble/share/rosidl_adapter/cmake)
[0.622s] -- Found rosidl_generator_cpp: 3.1.5 (/opt/ros/humble/share/rosidl_generator_cpp/cmake)
[0.633s] -- Using all available rosidl_typesupport_c: rosidl_typesupport_fastrtps_c;rosidl_typesupport_introspection_c
[0.647s] -- Using all available rosidl_typesupport_cpp: rosidl_typesupport_fastrtps_cpp;rosidl_typesupport_introspection_cpp
[0.699s] -- Found image_geometry: 3.2.1 (/opt/ros/humble/share/image_geometry/cmake)
[0.705s] -- Found laser_geometry: 2.4.0 (/opt/ros/humble/share/laser_geometry/cmake)
[0.755s] -- Found rmw_implementation_cmake: 6.1.2 (/opt/ros/humble/share/rmw_implementation_cmake/cmake)
[0.758s] -- Found rmw_fastrtps_cpp: 6.2.7 (/opt/ros/humble/share/rmw_fastrtps_cpp/cmake)
[0.856s] -- Found OpenSSL: /usr/lib/x86_64-linux-gnu/libcrypto.so (found version "3.0.2")  
[0.881s] -- Found FastRTPS: /opt/ros/humble/include  
[0.918s] -- Using RMW implementation 'rmw_fastrtps_cpp' as default
[0.929s] -- Looking for pthread.h
[1.012s] -- Looking for pthread.h - found
[1.013s] -- Performing Test CMAKE_HAVE_LIBC_PTHREAD
[1.104s] -- Performing Test CMAKE_HAVE_LIBC_PTHREAD - Success
[1.106s] -- Found Threads: TRUE  
[1.161s] -- Found pcl_conversions: 2.4.5 (/opt/ros/humble/share/pcl_conversions/cmake)
[1.206s] -- Checking for module 'eigen3'
[1.224s] --   Found eigen3, version 3.4.0
[1.272s] -- Found Eigen: /usr/include/eigen3 (Required is at least version "3.1") 
[1.272s] -- Eigen found (include: /usr/include/eigen3, version: 3.4.0)
[1.314s] -- Checking for module 'flann'
[1.331s] --   Found flann, version 1.9.1
[1.390s] -- Found FLANN: /usr/lib/x86_64-linux-gnu/libflann_cpp.so  
[1.390s] -- FLANN found (include: /usr/include, lib: /usr/lib/x86_64-linux-gnu/libflann_cpp.so)
[2.529s] -- Checking for module 'libusb-1.0'
[2.552s] --   Found libusb-1.0, version 1.0.25
[2.604s] -- Found libusb: /usr/lib/x86_64-linux-gnu/libusb-1.0.so  
[2.606s] -- OpenNI found (version: 1.5.4.0, include: /usr/include/ni, lib: /usr/lib/libOpenNI.so;libusb::libusb)
[2.698s] -- OpenNI2 found (version: 2.2.0.33, include: /usr/include/openni2, lib: /usr/lib/x86_64-linux-gnu/libOpenNI2.so;libusb::libusb)
[2.838s] -- Eigen found (include: /usr/include/eigen3, version: 3.4.0)
[2.845s] -- OpenNI found (version: 1.5.4.0, include: /usr/include/ni, lib: /usr/lib/libOpenNI.so;libusb::libusb)
[2.853s] -- OpenNI2 found (version: 2.2.0.33, include: /usr/include/openni2, lib: /usr/lib/x86_64-linux-gnu/libOpenNI2.so;libusb::libusb)
[2.979s] -- Found Qhull version 8.0.2
[3.103s] -- OpenNI found (version: 1.5.4.0, include: /usr/include/ni, lib: /usr/lib/libOpenNI.so;libusb::libusb)
[3.212s] -- Found PCL_COMMON: /usr/lib/x86_64-linux-gnu/libpcl_common.so  
[3.212s] -- Found PCL_KDTREE: /usr/lib/x86_64-linux-gnu/libpcl_kdtree.so  
[3.213s] -- Found PCL_OCTREE: /usr/lib/x86_64-linux-gnu/libpcl_octree.so  
[3.213s] -- Found PCL_SEARCH: /usr/lib/x86_64-linux-gnu/libpcl_search.so  
[3.214s] -- Found PCL_SAMPLE_CONSENSUS: /usr/lib/x86_64-linux-gnu/libpcl_sample_consensus.so  
[3.214s] -- Found PCL_FILTERS: /usr/lib/x86_64-linux-gnu/libpcl_filters.so  
[3.215s] -- Found PCL_2D: /usr/include/pcl-1.12  
[3.215s] -- Found PCL_GEOMETRY: /usr/include/pcl-1.12  
[3.216s] -- Found PCL_IO: /usr/lib/x86_64-linux-gnu/libpcl_io.so  
[3.216s] -- Found PCL_FEATURES: /usr/lib/x86_64-linux-gnu/libpcl_features.so  
[3.217s] -- Found PCL_ML: /usr/lib/x86_64-linux-gnu/libpcl_ml.so  
[3.217s] -- Found PCL_SEGMENTATION: /usr/lib/x86_64-linux-gnu/libpcl_segmentation.so  
[3.218s] -- Found PCL_VISUALIZATION: /usr/lib/x86_64-linux-gnu/libpcl_visualization.so  
[3.219s] -- Found PCL_SURFACE: /usr/lib/x86_64-linux-gnu/libpcl_surface.so  
[3.219s] -- Found PCL_REGISTRATION: /usr/lib/x86_64-linux-gnu/libpcl_registration.so  
[3.220s] -- Found PCL_KEYPOINTS: /usr/lib/x86_64-linux-gnu/libpcl_keypoints.so  
[3.221s] -- Found PCL_TRACKING: /usr/lib/x86_64-linux-gnu/libpcl_tracking.so  
[3.221s] -- Found PCL_RECOGNITION: /usr/lib/x86_64-linux-gnu/libpcl_recognition.so  
[3.222s] -- Found PCL_STEREO: /usr/lib/x86_64-linux-gnu/libpcl_stereo.so  
[3.223s] -- Found PCL_APPS: /usr/lib/x86_64-linux-gnu/libpcl_apps.so  
[3.223s] -- Found PCL_IN_HAND_SCANNER: /usr/include/pcl-1.12  
[3.223s] -- Found PCL_MODELER: /usr/include/pcl-1.12  
[3.227s] -- Found PCL_POINT_CLOUD_EDITOR: /usr/include/pcl-1.12  
[3.227s] -- Found PCL_OUTOFCORE: /usr/lib/x86_64-linux-gnu/libpcl_outofcore.so  
[3.228s] -- Found PCL_PEOPLE: /usr/lib/x86_64-linux-gnu/libpcl_people.so  
[3.229s] -- Found rtabmap_msgs: 0.21.9 (/home/shrirag10/rtab_ws/install/rtabmap_msgs/share/rtabmap_msgs/cmake)
[3.251s] -- Found tf2_eigen: 0.25.8 (/opt/ros/humble/share/tf2_eigen/cmake)
[3.324s] -- Found tf2_geometry_msgs: 0.25.8 (/opt/ros/humble/share/tf2_geometry_msgs/cmake)
[3.332s] -- Found Eigen3: TRUE (found version "3.4.0") 
[3.332s] -- Ensuring Eigen3 include directory is part of orocos-kdl CMake target
[3.335s] -- Found OpenCV: /usr (found version "4.5.4") found components: core calib3d imgproc highgui stitching photo video aruco objdetect missing components: xfeatures2d nonfree gpu cudafeatures2d
[3.335s] [33mCMake Warning (dev) at /usr/share/cmake-3.22/Modules/CMakeFindDependencyMacro.cmake:47 (find_package):
[3.335s]   Policy CMP0074 is not set: find_package uses <PackageName>_ROOT variables.
[3.335s]   Run "cmake --help-policy CMP0074" for policy details.  Use the cmake_policy
[3.336s]   command to set the policy and suppress this warning.
[3.336s] 
[3.336s]   CMake variable PCL_ROOT is set to:
[3.336s] 
[3.336s]     /usr
[3.336s] 
[3.336s]   For compatibility, CMake is ignoring the variable.
[3.336s] Call Stack (most recent call first):
[3.336s]   /home/shrirag10/rtab_ws/install/rtabmap/lib/rtabmap-0.21/RTABMapConfig.cmake:7 (find_dependency)
[3.336s]   CMakeLists.txt:22 (find_package)
[3.336s] This warning is for project developers.  Use -Wno-dev to suppress it.
[3.336s] [0m
[3.415s] -- Configuring done
[3.443s] -- Generating done
[3.449s] -- Build files have been written to: /home/shrirag10/rtab_ws/build/rtabmap_conversions
[3.461s] Invoked command in '/home/shrirag10/rtab_ws/build/rtabmap_conversions' returned '0': AMENT_PREFIX_PATH=/home/shrirag10/rtab_ws/install/rtabmap_msgs:${AMENT_PREFIX_PATH} CMAKE_PREFIX_PATH=/home/shrirag10/rtab_ws/install/rtabmap_msgs:/home/shrirag10/rtab_ws/install/rtabmap:/home/shrirag10/final_rsn/install/zed_ros2:/home/shrirag10/final_rsn/install/zed_robot_integration:/home/shrirag10/final_rsn/install/zed_multi_camera:/home/shrirag10/final_rsn/install/zed_display_rviz2:/home/shrirag10/final_rsn/install/zed_depth_to_laserscan:/home/shrirag10/final_rsn/install/zed_wrapper:/home/shrirag10/final_rsn/install/zed_tutorial_video:/home/shrirag10/final_rsn/install/zed_tutorial_pos_tracking:/home/shrirag10/final_rsn/install/zed_tutorial_depth:/home/shrirag10/final_rsn/install/zed_topic_benchmark:/home/shrirag10/final_rsn/install/zed_topic_benchmark_component:/home/shrirag10/final_rsn/install/zed_topic_benchmark_interfaces:/home/shrirag10/final_rsn/install/zed_rgb_convert:/home/shrirag10/final_rsn/install/zed_aruco_localization:/home/shrirag10/final_rsn/install/zed_components:/home/shrirag10/final_rsn/install/rviz_plugin_zed_od:/home/shrirag10/final_rsn/install/zed_msgs:/home/shrirag10/final_rsn/install/rtabmap_ros:/home/shrirag10/final_rsn/install/rtabmap_launch:/home/shrirag10/final_rsn/install/rtabmap_examples:/home/shrirag10/final_rsn/install/rtabmap_demos:/home/shrirag10/final_rsn/install/rtabmap_viz:/home/shrirag10/final_rsn/install/rtabmap_slam:/home/shrirag10/final_rsn/install/rtabmap_odom:/home/shrirag10/final_rsn/install/rtabmap_util:/home/shrirag10/final_rsn/install/rtabmap_sync:/home/shrirag10/final_rsn/install/rtabmap_rviz_plugins:/home/shrirag10/final_rsn/install/rtabmap_conversions:/home/shrirag10/final_rsn/install/rtabmap_msgs:/home/shrirag10/final_rsn/install/rtabmap:/home/shrirag10/final_rsn/install/rtabmap_dataset_processor:/home/shrirag10/final_rsn/install/rtabmap_python:/opt/ros/humble LD_LIBRARY_PATH=/home/shrirag10/rtab_ws/install/rtabmap_msgs/lib:/home/shrirag10/rtab_ws/install/rtabmap/lib:${LD_LIBRARY_PATH} PATH=/home/shrirag10/rtab_ws/install/rtabmap/bin:${PATH} PKG_CONFIG_PATH=/home/shrirag10/rtab_ws/install/rtabmap/lib/x86_64-linux-gnu/pkgconfig:/home/shrirag10/rtab_ws/install/rtabmap/lib/pkgconfig:${PKG_CONFIG_PATH} PYTHONPATH=/home/shrirag10/rtab_ws/install/rtabmap_msgs/local/lib/python3.10/dist-packages:${PYTHONPATH} /usr/bin/cmake /home/shrirag10/rtab_ws/src/rtabmap_ros/rtabmap_conversions -DCMAKE_BUILD_TYPE=Release -DAMENT_CMAKE_SYMLINK_INSTALL=1 -DCMAKE_INSTALL_PREFIX=/home/shrirag10/rtab_ws/install/rtabmap_conversions
[3.463s] Invoking command in '/home/shrirag10/rtab_ws/build/rtabmap_conversions': AMENT_PREFIX_PATH=/home/shrirag10/rtab_ws/install/rtabmap_msgs:${AMENT_PREFIX_PATH} CMAKE_PREFIX_PATH=/home/shrirag10/rtab_ws/install/rtabmap_msgs:/home/shrirag10/rtab_ws/install/rtabmap:/home/shrirag10/final_rsn/install/zed_ros2:/home/shrirag10/final_rsn/install/zed_robot_integration:/home/shrirag10/final_rsn/install/zed_multi_camera:/home/shrirag10/final_rsn/install/zed_display_rviz2:/home/shrirag10/final_rsn/install/zed_depth_to_laserscan:/home/shrirag10/final_rsn/install/zed_wrapper:/home/shrirag10/final_rsn/install/zed_tutorial_video:/home/shrirag10/final_rsn/install/zed_tutorial_pos_tracking:/home/shrirag10/final_rsn/install/zed_tutorial_depth:/home/shrirag10/final_rsn/install/zed_topic_benchmark:/home/shrirag10/final_rsn/install/zed_topic_benchmark_component:/home/shrirag10/final_rsn/install/zed_topic_benchmark_interfaces:/home/shrirag10/final_rsn/install/zed_rgb_convert:/home/shrirag10/final_rsn/install/zed_aruco_localization:/home/shrirag10/final_rsn/install/zed_components:/home/shrirag10/final_rsn/install/rviz_plugin_zed_od:/home/shrirag10/final_rsn/install/zed_msgs:/home/shrirag10/final_rsn/install/rtabmap_ros:/home/shrirag10/final_rsn/install/rtabmap_launch:/home/shrirag10/final_rsn/install/rtabmap_examples:/home/shrirag10/final_rsn/install/rtabmap_demos:/home/shrirag10/final_rsn/install/rtabmap_viz:/home/shrirag10/final_rsn/install/rtabmap_slam:/home/shrirag10/final_rsn/install/rtabmap_odom:/home/shrirag10/final_rsn/install/rtabmap_util:/home/shrirag10/final_rsn/install/rtabmap_sync:/home/shrirag10/final_rsn/install/rtabmap_rviz_plugins:/home/shrirag10/final_rsn/install/rtabmap_conversions:/home/shrirag10/final_rsn/install/rtabmap_msgs:/home/shrirag10/final_rsn/install/rtabmap:/home/shrirag10/final_rsn/install/rtabmap_dataset_processor:/home/shrirag10/final_rsn/install/rtabmap_python:/opt/ros/humble LD_LIBRARY_PATH=/home/shrirag10/rtab_ws/install/rtabmap_msgs/lib:/home/shrirag10/rtab_ws/install/rtabmap/lib:${LD_LIBRARY_PATH} PATH=/home/shrirag10/rtab_ws/install/rtabmap/bin:${PATH} PKG_CONFIG_PATH=/home/shrirag10/rtab_ws/install/rtabmap/lib/x86_64-linux-gnu/pkgconfig:/home/shrirag10/rtab_ws/install/rtabmap/lib/pkgconfig:${PKG_CONFIG_PATH} PYTHONPATH=/home/shrirag10/rtab_ws/install/rtabmap_msgs/local/lib/python3.10/dist-packages:${PYTHONPATH} /usr/bin/cmake --build /home/shrirag10/rtab_ws/build/rtabmap_conversions
[3.532s] [ 50%] [32mBuilding CXX object CMakeFiles/rtabmap_conversions.dir/src/MsgConversion.cpp.o[0m
[14.851s] [100%] [32m[1mLinking CXX shared library librtabmap_conversions.so[0m
[15.258s] [100%] Built target rtabmap_conversions
[15.268s] Invoked command in '/home/shrirag10/rtab_ws/build/rtabmap_conversions' returned '0': AMENT_PREFIX_PATH=/home/shrirag10/rtab_ws/install/rtabmap_msgs:${AMENT_PREFIX_PATH} CMAKE_PREFIX_PATH=/home/shrirag10/rtab_ws/install/rtabmap_msgs:/home/shrirag10/rtab_ws/install/rtabmap:/home/shrirag10/final_rsn/install/zed_ros2:/home/shrirag10/final_rsn/install/zed_robot_integration:/home/shrirag10/final_rsn/install/zed_multi_camera:/home/shrirag10/final_rsn/install/zed_display_rviz2:/home/shrirag10/final_rsn/install/zed_depth_to_laserscan:/home/shrirag10/final_rsn/install/zed_wrapper:/home/shrirag10/final_rsn/install/zed_tutorial_video:/home/shrirag10/final_rsn/install/zed_tutorial_pos_tracking:/home/shrirag10/final_rsn/install/zed_tutorial_depth:/home/shrirag10/final_rsn/install/zed_topic_benchmark:/home/shrirag10/final_rsn/install/zed_topic_benchmark_component:/home/shrirag10/final_rsn/install/zed_topic_benchmark_interfaces:/home/shrirag10/final_rsn/install/zed_rgb_convert:/home/shrirag10/final_rsn/install/zed_aruco_localization:/home/shrirag10/final_rsn/install/zed_components:/home/shrirag10/final_rsn/install/rviz_plugin_zed_od:/home/shrirag10/final_rsn/install/zed_msgs:/home/shrirag10/final_rsn/install/rtabmap_ros:/home/shrirag10/final_rsn/install/rtabmap_launch:/home/shrirag10/final_rsn/install/rtabmap_examples:/home/shrirag10/final_rsn/install/rtabmap_demos:/home/shrirag10/final_rsn/install/rtabmap_viz:/home/shrirag10/final_rsn/install/rtabmap_slam:/home/shrirag10/final_rsn/install/rtabmap_odom:/home/shrirag10/final_rsn/install/rtabmap_util:/home/shrirag10/final_rsn/install/rtabmap_sync:/home/shrirag10/final_rsn/install/rtabmap_rviz_plugins:/home/shrirag10/final_rsn/install/rtabmap_conversions:/home/shrirag10/final_rsn/install/rtabmap_msgs:/home/shrirag10/final_rsn/install/rtabmap:/home/shrirag10/final_rsn/install/rtabmap_dataset_processor:/home/shrirag10/final_rsn/install/rtabmap_python:/opt/ros/humble LD_LIBRARY_PATH=/home/shrirag10/rtab_ws/install/rtabmap_msgs/lib:/home/shrirag10/rtab_ws/install/rtabmap/lib:${LD_LIBRARY_PATH} PATH=/home/shrirag10/rtab_ws/install/rtabmap/bin:${PATH} PKG_CONFIG_PATH=/home/shrirag10/rtab_ws/install/rtabmap/lib/x86_64-linux-gnu/pkgconfig:/home/shrirag10/rtab_ws/install/rtabmap/lib/pkgconfig:${PKG_CONFIG_PATH} PYTHONPATH=/home/shrirag10/rtab_ws/install/rtabmap_msgs/local/lib/python3.10/dist-packages:${PYTHONPATH} /usr/bin/cmake --build /home/shrirag10/rtab_ws/build/rtabmap_conversions
[15.269s] Invoking command in '/home/shrirag10/rtab_ws/build/rtabmap_conversions': AMENT_PREFIX_PATH=/home/shrirag10/rtab_ws/install/rtabmap_msgs:${AMENT_PREFIX_PATH} CMAKE_PREFIX_PATH=/home/shrirag10/rtab_ws/install/rtabmap_msgs:/home/shrirag10/rtab_ws/install/rtabmap:/home/shrirag10/final_rsn/install/zed_ros2:/home/shrirag10/final_rsn/install/zed_robot_integration:/home/shrirag10/final_rsn/install/zed_multi_camera:/home/shrirag10/final_rsn/install/zed_display_rviz2:/home/shrirag10/final_rsn/install/zed_depth_to_laserscan:/home/shrirag10/final_rsn/install/zed_wrapper:/home/shrirag10/final_rsn/install/zed_tutorial_video:/home/shrirag10/final_rsn/install/zed_tutorial_pos_tracking:/home/shrirag10/final_rsn/install/zed_tutorial_depth:/home/shrirag10/final_rsn/install/zed_topic_benchmark:/home/shrirag10/final_rsn/install/zed_topic_benchmark_component:/home/shrirag10/final_rsn/install/zed_topic_benchmark_interfaces:/home/shrirag10/final_rsn/install/zed_rgb_convert:/home/shrirag10/final_rsn/install/zed_aruco_localization:/home/shrirag10/final_rsn/install/zed_components:/home/shrirag10/final_rsn/install/rviz_plugin_zed_od:/home/shrirag10/final_rsn/install/zed_msgs:/home/shrirag10/final_rsn/install/rtabmap_ros:/home/shrirag10/final_rsn/install/rtabmap_launch:/home/shrirag10/final_rsn/install/rtabmap_examples:/home/shrirag10/final_rsn/install/rtabmap_demos:/home/shrirag10/final_rsn/install/rtabmap_viz:/home/shrirag10/final_rsn/install/rtabmap_slam:/home/shrirag10/final_rsn/install/rtabmap_odom:/home/shrirag10/final_rsn/install/rtabmap_util:/home/shrirag10/final_rsn/install/rtabmap_sync:/home/shrirag10/final_rsn/install/rtabmap_rviz_plugins:/home/shrirag10/final_rsn/install/rtabmap_conversions:/home/shrirag10/final_rsn/install/rtabmap_msgs:/home/shrirag10/final_rsn/install/rtabmap:/home/shrirag10/final_rsn/install/rtabmap_dataset_processor:/home/shrirag10/final_rsn/install/rtabmap_python:/opt/ros/humble LD_LIBRARY_PATH=/home/shrirag10/rtab_ws/install/rtabmap_msgs/lib:/home/shrirag10/rtab_ws/install/rtabmap/lib:${LD_LIBRARY_PATH} PATH=/home/shrirag10/rtab_ws/install/rtabmap/bin:${PATH} PKG_CONFIG_PATH=/home/shrirag10/rtab_ws/install/rtabmap/lib/x86_64-linux-gnu/pkgconfig:/home/shrirag10/rtab_ws/install/rtabmap/lib/pkgconfig:${PKG_CONFIG_PATH} PYTHONPATH=/home/shrirag10/rtab_ws/install/rtabmap_msgs/local/lib/python3.10/dist-packages:${PYTHONPATH} /usr/bin/cmake --install /home/shrirag10/rtab_ws/build/rtabmap_conversions
[15.277s] -- Install configuration: "Release"
[15.278s] -- Execute custom install script
[15.278s] -- Symlinking: /home/shrirag10/rtab_ws/install/rtabmap_conversions/share/rtabmap_conversions/environment/library_path.sh
[15.287s] -- Symlinking: /home/shrirag10/rtab_ws/install/rtabmap_conversions/share/rtabmap_conversions/environment/library_path.dsv
[15.294s] -- Symlinking: /home/shrirag10/rtab_ws/install/rtabmap_conversions/share/ament_index/resource_index/package_run_dependencies/rtabmap_conversions
[15.306s] -- Symlinking: /home/shrirag10/rtab_ws/install/rtabmap_conversions/share/ament_index/resource_index/parent_prefix_path/rtabmap_conversions
[15.318s] -- Symlinking: /home/shrirag10/rtab_ws/install/rtabmap_conversions/share/rtabmap_conversions/environment/ament_prefix_path.sh
[15.330s] -- Symlinking: /home/shrirag10/rtab_ws/install/rtabmap_conversions/share/rtabmap_conversions/environment/ament_prefix_path.dsv
[15.341s] -- Symlinking: /home/shrirag10/rtab_ws/install/rtabmap_conversions/share/rtabmap_conversions/environment/path.sh
[15.352s] -- Symlinking: /home/shrirag10/rtab_ws/install/rtabmap_conversions/share/rtabmap_conversions/environment/path.dsv
[15.361s] -- Symlinking: /home/shrirag10/rtab_ws/install/rtabmap_conversions/share/rtabmap_conversions/local_setup.bash
[15.373s] -- Symlinking: /home/shrirag10/rtab_ws/install/rtabmap_conversions/share/rtabmap_conversions/local_setup.sh
[15.384s] -- Symlinking: /home/shrirag10/rtab_ws/install/rtabmap_conversions/share/rtabmap_conversions/local_setup.zsh
[15.393s] -- Symlinking: /home/shrirag10/rtab_ws/install/rtabmap_conversions/share/rtabmap_conversions/local_setup.dsv
[15.404s] -- Symlinking: /home/shrirag10/rtab_ws/install/rtabmap_conversions/share/rtabmap_conversions/package.dsv
[15.415s] -- Symlinking: /home/shrirag10/rtab_ws/install/rtabmap_conversions/share/ament_index/resource_index/packages/rtabmap_conversions
[15.425s] -- Symlinking: /home/shrirag10/rtab_ws/install/rtabmap_conversions/share/rtabmap_conversions/cmake/ament_cmake_export_dependencies-extras.cmake
[15.436s] -- Symlinking: /home/shrirag10/rtab_ws/install/rtabmap_conversions/share/rtabmap_conversions/cmake/ament_cmake_export_include_directories-extras.cmake
[15.447s] -- Symlinking: /home/shrirag10/rtab_ws/install/rtabmap_conversions/share/rtabmap_conversions/cmake/ament_cmake_export_targets-extras.cmake
[15.458s] -- Symlinking: /home/shrirag10/rtab_ws/install/rtabmap_conversions/share/rtabmap_conversions/cmake/ament_cmake_export_libraries-extras.cmake
[15.471s] -- Symlinking: /home/shrirag10/rtab_ws/install/rtabmap_conversions/share/rtabmap_conversions/cmake/rtabmap_conversionsConfig.cmake
[15.482s] -- Symlinking: /home/shrirag10/rtab_ws/install/rtabmap_conversions/share/rtabmap_conversions/cmake/rtabmap_conversionsConfig-version.cmake
[15.492s] -- Symlinking: /home/shrirag10/rtab_ws/install/rtabmap_conversions/share/rtabmap_conversions/package.xml
[15.505s] -- Installing: /home/shrirag10/rtab_ws/install/rtabmap_conversions/lib/librtabmap_conversions.so
[15.505s] -- Set runtime path of "/home/shrirag10/rtab_ws/install/rtabmap_conversions/lib/librtabmap_conversions.so" to ""
[15.505s] -- Installing: /home/shrirag10/rtab_ws/install/rtabmap_conversions/include
[15.505s] -- Installing: /home/shrirag10/rtab_ws/install/rtabmap_conversions/include/rtabmap_conversions
[15.505s] -- Installing: /home/shrirag10/rtab_ws/install/rtabmap_conversions/include/rtabmap_conversions/MsgConversion.h
[15.505s] -- Installing: /home/shrirag10/rtab_ws/install/rtabmap_conversions/share/rtabmap_conversions/cmake/rtabmap_conversionsExport.cmake
[15.505s] -- Installing: /home/shrirag10/rtab_ws/install/rtabmap_conversions/share/rtabmap_conversions/cmake/rtabmap_conversionsExport-release.cmake
[15.508s] Invoked command in '/home/shrirag10/rtab_ws/build/rtabmap_conversions' returned '0': AMENT_PREFIX_PATH=/home/shrirag10/rtab_ws/install/rtabmap_msgs:${AMENT_PREFIX_PATH} CMAKE_PREFIX_PATH=/home/shrirag10/rtab_ws/install/rtabmap_msgs:/home/shrirag10/rtab_ws/install/rtabmap:/home/shrirag10/final_rsn/install/zed_ros2:/home/shrirag10/final_rsn/install/zed_robot_integration:/home/shrirag10/final_rsn/install/zed_multi_camera:/home/shrirag10/final_rsn/install/zed_display_rviz2:/home/shrirag10/final_rsn/install/zed_depth_to_laserscan:/home/shrirag10/final_rsn/install/zed_wrapper:/home/shrirag10/final_rsn/install/zed_tutorial_video:/home/shrirag10/final_rsn/install/zed_tutorial_pos_tracking:/home/shrirag10/final_rsn/install/zed_tutorial_depth:/home/shrirag10/final_rsn/install/zed_topic_benchmark:/home/shrirag10/final_rsn/install/zed_topic_benchmark_component:/home/shrirag10/final_rsn/install/zed_topic_benchmark_interfaces:/home/shrirag10/final_rsn/install/zed_rgb_convert:/home/shrirag10/final_rsn/install/zed_aruco_localization:/home/shrirag10/final_rsn/install/zed_components:/home/shrirag10/final_rsn/install/rviz_plugin_zed_od:/home/shrirag10/final_rsn/install/zed_msgs:/home/shrirag10/final_rsn/install/rtabmap_ros:/home/shrirag10/final_rsn/install/rtabmap_launch:/home/shrirag10/final_rsn/install/rtabmap_examples:/home/shrirag10/final_rsn/install/rtabmap_demos:/home/shrirag10/final_rsn/install/rtabmap_viz:/home/shrirag10/final_rsn/install/rtabmap_slam:/home/shrirag10/final_rsn/install/rtabmap_odom:/home/shrirag10/final_rsn/install/rtabmap_util:/home/shrirag10/final_rsn/install/rtabmap_sync:/home/shrirag10/final_rsn/install/rtabmap_rviz_plugins:/home/shrirag10/final_rsn/install/rtabmap_conversions:/home/shrirag10/final_rsn/install/rtabmap_msgs:/home/shrirag10/final_rsn/install/rtabmap:/home/shrirag10/final_rsn/install/rtabmap_dataset_processor:/home/shrirag10/final_rsn/install/rtabmap_python:/opt/ros/humble LD_LIBRARY_PATH=/home/shrirag10/rtab_ws/install/rtabmap_msgs/lib:/home/shrirag10/rtab_ws/install/rtabmap/lib:${LD_LIBRARY_PATH} PATH=/home/shrirag10/rtab_ws/install/rtabmap/bin:${PATH} PKG_CONFIG_PATH=/home/shrirag10/rtab_ws/install/rtabmap/lib/x86_64-linux-gnu/pkgconfig:/home/shrirag10/rtab_ws/install/rtabmap/lib/pkgconfig:${PKG_CONFIG_PATH} PYTHONPATH=/home/shrirag10/rtab_ws/install/rtabmap_msgs/local/lib/python3.10/dist-packages:${PYTHONPATH} /usr/bin/cmake --install /home/shrirag10/rtab_ws/build/rtabmap_conversions
