[0.021s] Invoking command in '/home/shrirag10/rtab_ws/build/rtabmap_util': AMENT_PREFIX_PATH=/home/shrirag10/rtab_ws/install/rtabmap_conversions:/home/shrirag10/rtab_ws/install/rtabmap_msgs:${AMENT_PREFIX_PATH} CMAKE_PREFIX_PATH=/home/shrirag10/rtab_ws/install/rtabmap_conversions:/home/shrirag10/rtab_ws/install/rtabmap_msgs:/home/shrirag10/rtab_ws/install/rtabmap:/home/shrirag10/final_rsn/install/zed_ros2:/home/shrirag10/final_rsn/install/zed_robot_integration:/home/shrirag10/final_rsn/install/zed_multi_camera:/home/shrirag10/final_rsn/install/zed_display_rviz2:/home/shrirag10/final_rsn/install/zed_depth_to_laserscan:/home/shrirag10/final_rsn/install/zed_wrapper:/home/shrirag10/final_rsn/install/zed_tutorial_video:/home/shrirag10/final_rsn/install/zed_tutorial_pos_tracking:/home/shrirag10/final_rsn/install/zed_tutorial_depth:/home/shrirag10/final_rsn/install/zed_topic_benchmark:/home/shrirag10/final_rsn/install/zed_topic_benchmark_component:/home/shrirag10/final_rsn/install/zed_topic_benchmark_interfaces:/home/shrirag10/final_rsn/install/zed_rgb_convert:/home/shrirag10/final_rsn/install/zed_aruco_localization:/home/shrirag10/final_rsn/install/zed_components:/home/shrirag10/final_rsn/install/rviz_plugin_zed_od:/home/shrirag10/final_rsn/install/zed_msgs:/home/shrirag10/final_rsn/install/rtabmap_ros:/home/shrirag10/final_rsn/install/rtabmap_launch:/home/shrirag10/final_rsn/install/rtabmap_examples:/home/shrirag10/final_rsn/install/rtabmap_demos:/home/shrirag10/final_rsn/install/rtabmap_viz:/home/shrirag10/final_rsn/install/rtabmap_slam:/home/shrirag10/final_rsn/install/rtabmap_odom:/home/shrirag10/final_rsn/install/rtabmap_util:/home/shrirag10/final_rsn/install/rtabmap_sync:/home/shrirag10/final_rsn/install/rtabmap_rviz_plugins:/home/shrirag10/final_rsn/install/rtabmap_conversions:/home/shrirag10/final_rsn/install/rtabmap_msgs:/home/shrirag10/final_rsn/install/rtabmap:/home/shrirag10/final_rsn/install/rtabmap_dataset_processor:/home/shrirag10/final_rsn/install/rtabmap_python:/opt/ros/humble LD_LIBRARY_PATH=/home/shrirag10/rtab_ws/install/rtabmap_conversions/lib:/home/shrirag10/rtab_ws/install/rtabmap_msgs/lib:/home/shrirag10/rtab_ws/install/rtabmap/lib:${LD_LIBRARY_PATH} PATH=/home/shrirag10/rtab_ws/install/rtabmap/bin:${PATH} PKG_CONFIG_PATH=/home/shrirag10/rtab_ws/install/rtabmap/lib/x86_64-linux-gnu/pkgconfig:/home/shrirag10/rtab_ws/install/rtabmap/lib/pkgconfig:${PKG_CONFIG_PATH} PYTHONPATH=/home/shrirag10/rtab_ws/install/rtabmap_msgs/local/lib/python3.10/dist-packages:${PYTHONPATH} /usr/bin/cmake --build /home/shrirag10/rtab_ws/build/rtabmap_util
[0.093s] [35m[1mConsolidate compiler generated dependencies of target rtabmap_util_plugins[0m
[0.123s] [  2%] [32mBuilding CXX object CMakeFiles/rtabmap_util_plugins.dir/src/nodelets/point_cloud_xyz.cpp.o[0m
[19.793s] [  5%] [32mBuilding CXX object CMakeFiles/rtabmap_util_plugins.dir/src/nodelets/obstacles_detection.cpp.o[0m
[33.034s] [  7%] [32mBuilding CXX object CMakeFiles/rtabmap_util_plugins.dir/src/nodelets/point_cloud_aggregator.cpp.o[0m
[49.371s] [ 10%] [32mBuilding CXX object CMakeFiles/rtabmap_util_plugins.dir/src/nodelets/point_cloud_assembler.cpp.o[0m
[68.584s] [ 13%] [32mBuilding CXX object CMakeFiles/rtabmap_util_plugins.dir/src/nodelets/imu_to_tf.cpp.o[0m
[78.106s] [ 15%] [32mBuilding CXX object CMakeFiles/rtabmap_util_plugins.dir/src/nodelets/lidar_deskewing.cpp.o[0m
[89.644s] [ 18%] [32mBuilding CXX object CMakeFiles/rtabmap_util_plugins.dir/src/nodelets/rgbd_relay.cpp.o[0m
[99.166s] [ 21%] [32mBuilding CXX object CMakeFiles/rtabmap_util_plugins.dir/src/nodelets/rgbd_split.cpp.o[0m
[105.822s] [ 23%] [32mBuilding CXX object CMakeFiles/rtabmap_util_plugins.dir/src/nodelets/map_assembler.cpp.o[0m
[119.838s] [ 26%] [32m[1mLinking CXX shared library librtabmap_util_plugins.so[0m
[121.207s] [ 36%] Built target rtabmap_util_plugins
[121.238s] [ 39%] [32mBuilding CXX object CMakeFiles/rtabmap_rgbd_relay.dir/src/RGBDRelayNode.cpp.o[0m
[123.084s] [ 42%] [32m[1mLinking CXX executable rgbd_relay[0m
[124.118s] [ 42%] Built target rtabmap_rgbd_relay
[124.146s] [ 44%] [32mBuilding CXX object CMakeFiles/rtabmap_rgbd_split.dir/src/RGBDSplitNode.cpp.o[0m
[126.032s] [ 47%] [32m[1mLinking CXX executable rgbd_split[0m
[127.085s] [ 47%] Built target rtabmap_rgbd_split
[127.121s] [ 50%] [32mBuilding CXX object CMakeFiles/rtabmap_map_assembler.dir/src/MapAssemblerNode.cpp.o[0m
[132.785s] [ 52%] [32m[1mLinking CXX executable map_assembler[0m
[134.101s] [ 52%] Built target rtabmap_map_assembler
[134.128s] [ 55%] [32mBuilding CXX object CMakeFiles/rtabmap_imu_to_tf.dir/src/ImuToTFNode.cpp.o[0m
[136.028s] [ 57%] [32m[1mLinking CXX executable imu_to_tf[0m
[137.049s] [ 57%] Built target rtabmap_imu_to_tf
[137.090s] [ 60%] [32mBuilding CXX object CMakeFiles/rtabmap_disparity_to_depth.dir/src/DisparityToDepthNode.cpp.o[0m
[138.917s] [ 63%] [32m[1mLinking CXX executable disparity_to_depth[0m
[139.955s] [ 63%] Built target rtabmap_disparity_to_depth
[139.995s] [ 65%] [32mBuilding CXX object CMakeFiles/rtabmap_lidar_deskewing.dir/src/LidarDeskewingNode.cpp.o[0m
[141.953s] [ 68%] [32m[1mLinking CXX executable lidar_deskewing[0m
[143.007s] [ 68%] Built target rtabmap_lidar_deskewing
[143.041s] [ 71%] [32mBuilding CXX object CMakeFiles/rtabmap_point_cloud_xyz.dir/src/PointCloudXYZNode.cpp.o[0m
[146.255s] [ 73%] [32m[1mLinking CXX executable point_cloud_xyz[0m
[147.294s] [ 73%] Built target rtabmap_point_cloud_xyz
[147.331s] [ 76%] [32mBuilding CXX object CMakeFiles/rtabmap_point_cloud_xyzrgb.dir/src/PointCloudXYZRGBNode.cpp.o[0m
[151.693s] [ 78%] [32m[1mLinking CXX executable point_cloud_xyzrgb[0m
[152.743s] [ 78%] Built target rtabmap_point_cloud_xyzrgb
[152.782s] [ 81%] [32mBuilding CXX object CMakeFiles/rtabmap_pointcloud_to_depthimage.dir/src/PointCloudToDepthImageNode.cpp.o[0m
[154.788s] [ 84%] [32m[1mLinking CXX executable pointcloud_to_depthimage[0m
[155.826s] [ 84%] Built target rtabmap_pointcloud_to_depthimage
[155.869s] [ 86%] [32mBuilding CXX object CMakeFiles/rtabmap_obstacles_detection.dir/src/ObstaclesDetectionNode.cpp.o[0m
[161.696s] [ 89%] [32m[1mLinking CXX executable obstacles_detection[0m
[163.011s] [ 89%] Built target rtabmap_obstacles_detection
[163.048s] [ 92%] [32mBuilding CXX object CMakeFiles/rtabmap_point_cloud_aggregator.dir/src/PointCloudAggregatorNode.cpp.o[0m
[164.974s] [ 94%] [32m[1mLinking CXX executable point_cloud_aggregator[0m
[166.008s] [ 94%] Built target rtabmap_point_cloud_aggregator
[166.060s] [ 97%] [32mBuilding CXX object CMakeFiles/rtabmap_point_cloud_assembler.dir/src/PointCloudAssemblerNode.cpp.o[0m
[172.004s] [100%] [32m[1mLinking CXX executable point_cloud_assembler[0m
[173.051s] [100%] Built target rtabmap_point_cloud_assembler
[173.063s] Invoked command in '/home/shrirag10/rtab_ws/build/rtabmap_util' returned '0': AMENT_PREFIX_PATH=/home/shrirag10/rtab_ws/install/rtabmap_conversions:/home/shrirag10/rtab_ws/install/rtabmap_msgs:${AMENT_PREFIX_PATH} CMAKE_PREFIX_PATH=/home/shrirag10/rtab_ws/install/rtabmap_conversions:/home/shrirag10/rtab_ws/install/rtabmap_msgs:/home/shrirag10/rtab_ws/install/rtabmap:/home/shrirag10/final_rsn/install/zed_ros2:/home/shrirag10/final_rsn/install/zed_robot_integration:/home/shrirag10/final_rsn/install/zed_multi_camera:/home/shrirag10/final_rsn/install/zed_display_rviz2:/home/shrirag10/final_rsn/install/zed_depth_to_laserscan:/home/shrirag10/final_rsn/install/zed_wrapper:/home/shrirag10/final_rsn/install/zed_tutorial_video:/home/shrirag10/final_rsn/install/zed_tutorial_pos_tracking:/home/shrirag10/final_rsn/install/zed_tutorial_depth:/home/shrirag10/final_rsn/install/zed_topic_benchmark:/home/shrirag10/final_rsn/install/zed_topic_benchmark_component:/home/shrirag10/final_rsn/install/zed_topic_benchmark_interfaces:/home/shrirag10/final_rsn/install/zed_rgb_convert:/home/shrirag10/final_rsn/install/zed_aruco_localization:/home/shrirag10/final_rsn/install/zed_components:/home/shrirag10/final_rsn/install/rviz_plugin_zed_od:/home/shrirag10/final_rsn/install/zed_msgs:/home/shrirag10/final_rsn/install/rtabmap_ros:/home/shrirag10/final_rsn/install/rtabmap_launch:/home/shrirag10/final_rsn/install/rtabmap_examples:/home/shrirag10/final_rsn/install/rtabmap_demos:/home/shrirag10/final_rsn/install/rtabmap_viz:/home/shrirag10/final_rsn/install/rtabmap_slam:/home/shrirag10/final_rsn/install/rtabmap_odom:/home/shrirag10/final_rsn/install/rtabmap_util:/home/shrirag10/final_rsn/install/rtabmap_sync:/home/shrirag10/final_rsn/install/rtabmap_rviz_plugins:/home/shrirag10/final_rsn/install/rtabmap_conversions:/home/shrirag10/final_rsn/install/rtabmap_msgs:/home/shrirag10/final_rsn/install/rtabmap:/home/shrirag10/final_rsn/install/rtabmap_dataset_processor:/home/shrirag10/final_rsn/install/rtabmap_python:/opt/ros/humble LD_LIBRARY_PATH=/home/shrirag10/rtab_ws/install/rtabmap_conversions/lib:/home/shrirag10/rtab_ws/install/rtabmap_msgs/lib:/home/shrirag10/rtab_ws/install/rtabmap/lib:${LD_LIBRARY_PATH} PATH=/home/shrirag10/rtab_ws/install/rtabmap/bin:${PATH} PKG_CONFIG_PATH=/home/shrirag10/rtab_ws/install/rtabmap/lib/x86_64-linux-gnu/pkgconfig:/home/shrirag10/rtab_ws/install/rtabmap/lib/pkgconfig:${PKG_CONFIG_PATH} PYTHONPATH=/home/shrirag10/rtab_ws/install/rtabmap_msgs/local/lib/python3.10/dist-packages:${PYTHONPATH} /usr/bin/cmake --build /home/shrirag10/rtab_ws/build/rtabmap_util
[173.064s] Invoking command in '/home/shrirag10/rtab_ws/build/rtabmap_util': AMENT_PREFIX_PATH=/home/shrirag10/rtab_ws/install/rtabmap_conversions:/home/shrirag10/rtab_ws/install/rtabmap_msgs:${AMENT_PREFIX_PATH} CMAKE_PREFIX_PATH=/home/shrirag10/rtab_ws/install/rtabmap_conversions:/home/shrirag10/rtab_ws/install/rtabmap_msgs:/home/shrirag10/rtab_ws/install/rtabmap:/home/shrirag10/final_rsn/install/zed_ros2:/home/shrirag10/final_rsn/install/zed_robot_integration:/home/shrirag10/final_rsn/install/zed_multi_camera:/home/shrirag10/final_rsn/install/zed_display_rviz2:/home/shrirag10/final_rsn/install/zed_depth_to_laserscan:/home/shrirag10/final_rsn/install/zed_wrapper:/home/shrirag10/final_rsn/install/zed_tutorial_video:/home/shrirag10/final_rsn/install/zed_tutorial_pos_tracking:/home/shrirag10/final_rsn/install/zed_tutorial_depth:/home/shrirag10/final_rsn/install/zed_topic_benchmark:/home/shrirag10/final_rsn/install/zed_topic_benchmark_component:/home/shrirag10/final_rsn/install/zed_topic_benchmark_interfaces:/home/shrirag10/final_rsn/install/zed_rgb_convert:/home/shrirag10/final_rsn/install/zed_aruco_localization:/home/shrirag10/final_rsn/install/zed_components:/home/shrirag10/final_rsn/install/rviz_plugin_zed_od:/home/shrirag10/final_rsn/install/zed_msgs:/home/shrirag10/final_rsn/install/rtabmap_ros:/home/shrirag10/final_rsn/install/rtabmap_launch:/home/shrirag10/final_rsn/install/rtabmap_examples:/home/shrirag10/final_rsn/install/rtabmap_demos:/home/shrirag10/final_rsn/install/rtabmap_viz:/home/shrirag10/final_rsn/install/rtabmap_slam:/home/shrirag10/final_rsn/install/rtabmap_odom:/home/shrirag10/final_rsn/install/rtabmap_util:/home/shrirag10/final_rsn/install/rtabmap_sync:/home/shrirag10/final_rsn/install/rtabmap_rviz_plugins:/home/shrirag10/final_rsn/install/rtabmap_conversions:/home/shrirag10/final_rsn/install/rtabmap_msgs:/home/shrirag10/final_rsn/install/rtabmap:/home/shrirag10/final_rsn/install/rtabmap_dataset_processor:/home/shrirag10/final_rsn/install/rtabmap_python:/opt/ros/humble LD_LIBRARY_PATH=/home/shrirag10/rtab_ws/install/rtabmap_conversions/lib:/home/shrirag10/rtab_ws/install/rtabmap_msgs/lib:/home/shrirag10/rtab_ws/install/rtabmap/lib:${LD_LIBRARY_PATH} PATH=/home/shrirag10/rtab_ws/install/rtabmap/bin:${PATH} PKG_CONFIG_PATH=/home/shrirag10/rtab_ws/install/rtabmap/lib/x86_64-linux-gnu/pkgconfig:/home/shrirag10/rtab_ws/install/rtabmap/lib/pkgconfig:${PKG_CONFIG_PATH} PYTHONPATH=/home/shrirag10/rtab_ws/install/rtabmap_msgs/local/lib/python3.10/dist-packages:${PYTHONPATH} /usr/bin/cmake --install /home/shrirag10/rtab_ws/build/rtabmap_util
[173.071s] -- Install configuration: "Release"
[173.071s] -- Execute custom install script
[173.071s] -- Symlinking: /home/shrirag10/rtab_ws/install/rtabmap_util/share/rtabmap_util/environment/library_path.sh
[173.082s] -- Symlinking: /home/shrirag10/rtab_ws/install/rtabmap_util/share/rtabmap_util/environment/library_path.dsv
[173.096s] -- Symlinking: /home/shrirag10/rtab_ws/install/rtabmap_util/lib/rtabmap_util/transform_to_tf.py
[173.110s] -- Symlinking: /home/shrirag10/rtab_ws/install/rtabmap_util/lib/rtabmap_util/yaml_to_camera_info.py
[173.122s] -- Symlinking: /home/shrirag10/rtab_ws/install/rtabmap_util/lib/rtabmap_util/republish_tf_static.py
[173.136s] -- Symlinking: /home/shrirag10/rtab_ws/install/rtabmap_util/lib/rtabmap_util/imu_to_tf
[173.149s] -- Symlinking: /home/shrirag10/rtab_ws/install/rtabmap_util/lib/rtabmap_util/disparity_to_depth
[173.160s] -- Symlinking: /home/shrirag10/rtab_ws/install/rtabmap_util/lib/rtabmap_util/rgbd_relay
[173.170s] -- Symlinking: /home/shrirag10/rtab_ws/install/rtabmap_util/lib/rtabmap_util/rgbd_split
[173.182s] -- Symlinking: /home/shrirag10/rtab_ws/install/rtabmap_util/lib/rtabmap_util/lidar_deskewing
[173.194s] -- Symlinking: /home/shrirag10/rtab_ws/install/rtabmap_util/lib/rtabmap_util/point_cloud_xyz
[173.205s] -- Symlinking: /home/shrirag10/rtab_ws/install/rtabmap_util/lib/rtabmap_util/point_cloud_xyzrgb
[173.217s] -- Symlinking: /home/shrirag10/rtab_ws/install/rtabmap_util/lib/rtabmap_util/pointcloud_to_depthimage
[173.230s] -- Symlinking: /home/shrirag10/rtab_ws/install/rtabmap_util/lib/rtabmap_util/obstacles_detection
[173.241s] -- Symlinking: /home/shrirag10/rtab_ws/install/rtabmap_util/lib/rtabmap_util/point_cloud_aggregator
[173.252s] -- Symlinking: /home/shrirag10/rtab_ws/install/rtabmap_util/lib/rtabmap_util/point_cloud_assembler
[173.263s] -- Symlinking: /home/shrirag10/rtab_ws/install/rtabmap_util/lib/rtabmap_util/map_assembler
[173.274s] -- Symlinking: /home/shrirag10/rtab_ws/install/rtabmap_util/share/ament_index/resource_index/package_run_dependencies/rtabmap_util
[173.285s] -- Symlinking: /home/shrirag10/rtab_ws/install/rtabmap_util/share/ament_index/resource_index/parent_prefix_path/rtabmap_util
[173.297s] -- Symlinking: /home/shrirag10/rtab_ws/install/rtabmap_util/share/rtabmap_util/environment/ament_prefix_path.sh
[173.309s] -- Symlinking: /home/shrirag10/rtab_ws/install/rtabmap_util/share/rtabmap_util/environment/ament_prefix_path.dsv
[173.320s] -- Symlinking: /home/shrirag10/rtab_ws/install/rtabmap_util/share/rtabmap_util/environment/path.sh
[173.333s] -- Symlinking: /home/shrirag10/rtab_ws/install/rtabmap_util/share/rtabmap_util/environment/path.dsv
[173.342s] -- Symlinking: /home/shrirag10/rtab_ws/install/rtabmap_util/share/rtabmap_util/local_setup.bash
[173.351s] -- Symlinking: /home/shrirag10/rtab_ws/install/rtabmap_util/share/rtabmap_util/local_setup.sh
[173.358s] -- Symlinking: /home/shrirag10/rtab_ws/install/rtabmap_util/share/rtabmap_util/local_setup.zsh
[173.371s] -- Symlinking: /home/shrirag10/rtab_ws/install/rtabmap_util/share/rtabmap_util/local_setup.dsv
[173.380s] -- Symlinking: /home/shrirag10/rtab_ws/install/rtabmap_util/share/rtabmap_util/package.dsv
[173.392s] -- Symlinking: /home/shrirag10/rtab_ws/install/rtabmap_util/share/ament_index/resource_index/packages/rtabmap_util
[173.405s] -- Symlinking: /home/shrirag10/rtab_ws/install/rtabmap_util/share/ament_index/resource_index/rclcpp_components/rtabmap_util
[173.412s] -- Symlinking: /home/shrirag10/rtab_ws/install/rtabmap_util/share/rtabmap_util/cmake/ament_cmake_export_dependencies-extras.cmake
[173.420s] -- Symlinking: /home/shrirag10/rtab_ws/install/rtabmap_util/share/rtabmap_util/cmake/ament_cmake_export_include_directories-extras.cmake
[173.430s] -- Symlinking: /home/shrirag10/rtab_ws/install/rtabmap_util/share/rtabmap_util/cmake/ament_cmake_export_targets-extras.cmake
[173.437s] -- Symlinking: /home/shrirag10/rtab_ws/install/rtabmap_util/share/rtabmap_util/cmake/ament_cmake_export_libraries-extras.cmake
[173.449s] -- Symlinking: /home/shrirag10/rtab_ws/install/rtabmap_util/share/rtabmap_util/cmake/rtabmap_utilConfig.cmake
[173.461s] -- Symlinking: /home/shrirag10/rtab_ws/install/rtabmap_util/share/rtabmap_util/cmake/rtabmap_utilConfig-version.cmake
[173.471s] -- Symlinking: /home/shrirag10/rtab_ws/install/rtabmap_util/share/rtabmap_util/package.xml
[173.482s] -- Installing: /home/shrirag10/rtab_ws/install/rtabmap_util/lib/librtabmap_util_plugins.so
[173.490s] -- Set runtime path of "/home/shrirag10/rtab_ws/install/rtabmap_util/lib/librtabmap_util_plugins.so" to ""
[173.490s] -- Installing: /home/shrirag10/rtab_ws/install/rtabmap_util/include
[173.490s] -- Installing: /home/shrirag10/rtab_ws/install/rtabmap_util/include/rtabmap_util
[173.490s] -- Installing: /home/shrirag10/rtab_ws/install/rtabmap_util/include/rtabmap_util/MapsManager.h
[173.490s] -- Installing: /home/shrirag10/rtab_ws/install/rtabmap_util/include/rtabmap_util/visibility.h
[173.490s] -- Installing: /home/shrirag10/rtab_ws/install/rtabmap_util/include/rtabmap_util/ULogToRosout.h
[173.495s] -- Installing: /home/shrirag10/rtab_ws/install/rtabmap_util/share/rtabmap_util/cmake/rtabmap_utilExport.cmake
[173.496s] -- Installing: /home/shrirag10/rtab_ws/install/rtabmap_util/share/rtabmap_util/cmake/rtabmap_utilExport-release.cmake
[173.502s] Invoked command in '/home/shrirag10/rtab_ws/build/rtabmap_util' returned '0': AMENT_PREFIX_PATH=/home/shrirag10/rtab_ws/install/rtabmap_conversions:/home/shrirag10/rtab_ws/install/rtabmap_msgs:${AMENT_PREFIX_PATH} CMAKE_PREFIX_PATH=/home/shrirag10/rtab_ws/install/rtabmap_conversions:/home/shrirag10/rtab_ws/install/rtabmap_msgs:/home/shrirag10/rtab_ws/install/rtabmap:/home/shrirag10/final_rsn/install/zed_ros2:/home/shrirag10/final_rsn/install/zed_robot_integration:/home/shrirag10/final_rsn/install/zed_multi_camera:/home/shrirag10/final_rsn/install/zed_display_rviz2:/home/shrirag10/final_rsn/install/zed_depth_to_laserscan:/home/shrirag10/final_rsn/install/zed_wrapper:/home/shrirag10/final_rsn/install/zed_tutorial_video:/home/shrirag10/final_rsn/install/zed_tutorial_pos_tracking:/home/shrirag10/final_rsn/install/zed_tutorial_depth:/home/shrirag10/final_rsn/install/zed_topic_benchmark:/home/shrirag10/final_rsn/install/zed_topic_benchmark_component:/home/shrirag10/final_rsn/install/zed_topic_benchmark_interfaces:/home/shrirag10/final_rsn/install/zed_rgb_convert:/home/shrirag10/final_rsn/install/zed_aruco_localization:/home/shrirag10/final_rsn/install/zed_components:/home/shrirag10/final_rsn/install/rviz_plugin_zed_od:/home/shrirag10/final_rsn/install/zed_msgs:/home/shrirag10/final_rsn/install/rtabmap_ros:/home/shrirag10/final_rsn/install/rtabmap_launch:/home/shrirag10/final_rsn/install/rtabmap_examples:/home/shrirag10/final_rsn/install/rtabmap_demos:/home/shrirag10/final_rsn/install/rtabmap_viz:/home/shrirag10/final_rsn/install/rtabmap_slam:/home/shrirag10/final_rsn/install/rtabmap_odom:/home/shrirag10/final_rsn/install/rtabmap_util:/home/shrirag10/final_rsn/install/rtabmap_sync:/home/shrirag10/final_rsn/install/rtabmap_rviz_plugins:/home/shrirag10/final_rsn/install/rtabmap_conversions:/home/shrirag10/final_rsn/install/rtabmap_msgs:/home/shrirag10/final_rsn/install/rtabmap:/home/shrirag10/final_rsn/install/rtabmap_dataset_processor:/home/shrirag10/final_rsn/install/rtabmap_python:/opt/ros/humble LD_LIBRARY_PATH=/home/shrirag10/rtab_ws/install/rtabmap_conversions/lib:/home/shrirag10/rtab_ws/install/rtabmap_msgs/lib:/home/shrirag10/rtab_ws/install/rtabmap/lib:${LD_LIBRARY_PATH} PATH=/home/shrirag10/rtab_ws/install/rtabmap/bin:${PATH} PKG_CONFIG_PATH=/home/shrirag10/rtab_ws/install/rtabmap/lib/x86_64-linux-gnu/pkgconfig:/home/shrirag10/rtab_ws/install/rtabmap/lib/pkgconfig:${PKG_CONFIG_PATH} PYTHONPATH=/home/shrirag10/rtab_ws/install/rtabmap_msgs/local/lib/python3.10/dist-packages:${PYTHONPATH} /usr/bin/cmake --install /home/shrirag10/rtab_ws/build/rtabmap_util
