[0.017s] Invoking command in '/home/shrirag10/rtab_ws/build/rtabmap_util': AMENT_PREFIX_PATH=/home/shrirag10/rtab_ws/install/rtabmap_conversions:/home/shrirag10/rtab_ws/install/rtabmap_msgs:${AMENT_PREFIX_PATH} CMAKE_PREFIX_PATH=/home/shrirag10/rtab_ws/install/rtabmap_conversions:/home/shrirag10/rtab_ws/install/rtabmap_msgs:/home/shrirag10/rtab_ws/install/rtabmap:/home/shrirag10/final_rsn/install/zed_ros2:/home/shrirag10/final_rsn/install/zed_robot_integration:/home/shrirag10/final_rsn/install/zed_multi_camera:/home/shrirag10/final_rsn/install/zed_display_rviz2:/home/shrirag10/final_rsn/install/zed_depth_to_laserscan:/home/shrirag10/final_rsn/install/zed_wrapper:/home/shrirag10/final_rsn/install/zed_tutorial_video:/home/shrirag10/final_rsn/install/zed_tutorial_pos_tracking:/home/shrirag10/final_rsn/install/zed_tutorial_depth:/home/shrirag10/final_rsn/install/zed_topic_benchmark:/home/shrirag10/final_rsn/install/zed_topic_benchmark_component:/home/shrirag10/final_rsn/install/zed_topic_benchmark_interfaces:/home/shrirag10/final_rsn/install/zed_rgb_convert:/home/shrirag10/final_rsn/install/zed_aruco_localization:/home/shrirag10/final_rsn/install/zed_components:/home/shrirag10/final_rsn/install/rviz_plugin_zed_od:/home/shrirag10/final_rsn/install/zed_msgs:/home/shrirag10/final_rsn/install/rtabmap_ros:/home/shrirag10/final_rsn/install/rtabmap_launch:/home/shrirag10/final_rsn/install/rtabmap_examples:/home/shrirag10/final_rsn/install/rtabmap_demos:/home/shrirag10/final_rsn/install/rtabmap_viz:/home/shrirag10/final_rsn/install/rtabmap_slam:/home/shrirag10/final_rsn/install/rtabmap_odom:/home/shrirag10/final_rsn/install/rtabmap_util:/home/shrirag10/final_rsn/install/rtabmap_sync:/home/shrirag10/final_rsn/install/rtabmap_rviz_plugins:/home/shrirag10/final_rsn/install/rtabmap_conversions:/home/shrirag10/final_rsn/install/rtabmap_msgs:/home/shrirag10/final_rsn/install/rtabmap:/home/shrirag10/final_rsn/install/rtabmap_dataset_processor:/home/shrirag10/final_rsn/install/rtabmap_python:/opt/ros/humble LD_LIBRARY_PATH=/home/shrirag10/rtab_ws/install/rtabmap_conversions/lib:/home/shrirag10/rtab_ws/install/rtabmap_msgs/lib:/home/shrirag10/rtab_ws/install/rtabmap/lib:${LD_LIBRARY_PATH} PATH=/home/shrirag10/rtab_ws/install/rtabmap/bin:${PATH} PKG_CONFIG_PATH=/home/shrirag10/rtab_ws/install/rtabmap/lib/x86_64-linux-gnu/pkgconfig:/home/shrirag10/rtab_ws/install/rtabmap/lib/pkgconfig:${PKG_CONFIG_PATH} PYTHONPATH=/home/shrirag10/rtab_ws/install/rtabmap_msgs/local/lib/python3.10/dist-packages:${PYTHONPATH} /usr/bin/cmake --build /home/shrirag10/rtab_ws/build/rtabmap_util
[0.069s] [35m[1mConsolidate compiler generated dependencies of target rtabmap_util_plugins[0m
[0.115s] [ 36%] Built target rtabmap_util_plugins
[0.127s] [35m[1mConsolidate compiler generated dependencies of target rtabmap_rgbd_relay[0m
[0.140s] [ 42%] Built target rtabmap_rgbd_relay
[0.151s] [35m[1mConsolidate compiler generated dependencies of target rtabmap_rgbd_split[0m
[0.167s] [ 47%] Built target rtabmap_rgbd_split
[0.178s] [35m[1mConsolidate compiler generated dependencies of target rtabmap_map_assembler[0m
[0.205s] [ 52%] Built target rtabmap_map_assembler
[0.224s] [35m[1mConsolidate compiler generated dependencies of target rtabmap_imu_to_tf[0m
[0.244s] [ 57%] Built target rtabmap_imu_to_tf
[0.262s] [35m[1mConsolidate compiler generated dependencies of target rtabmap_disparity_to_depth[0m
[0.290s] [ 63%] Built target rtabmap_disparity_to_depth
[0.301s] [35m[1mConsolidate compiler generated dependencies of target rtabmap_lidar_deskewing[0m
[0.316s] [ 68%] Built target rtabmap_lidar_deskewing
[0.330s] [35m[1mConsolidate compiler generated dependencies of target rtabmap_point_cloud_xyz[0m
[0.351s] [ 73%] Built target rtabmap_point_cloud_xyz
[0.368s] [35m[1mConsolidate compiler generated dependencies of target rtabmap_point_cloud_xyzrgb[0m
[0.392s] [ 78%] Built target rtabmap_point_cloud_xyzrgb
[0.404s] [35m[1mConsolidate compiler generated dependencies of target rtabmap_pointcloud_to_depthimage[0m
[0.424s] [ 84%] Built target rtabmap_pointcloud_to_depthimage
[0.436s] [35m[1mConsolidate compiler generated dependencies of target rtabmap_obstacles_detection[0m
[0.453s] [ 89%] Built target rtabmap_obstacles_detection
[0.464s] [35m[1mConsolidate compiler generated dependencies of target rtabmap_point_cloud_aggregator[0m
[0.481s] [ 94%] Built target rtabmap_point_cloud_aggregator
[0.498s] [35m[1mConsolidate compiler generated dependencies of target rtabmap_point_cloud_assembler[0m
[0.523s] [100%] Built target rtabmap_point_cloud_assembler
[0.531s] Invoked command in '/home/shrirag10/rtab_ws/build/rtabmap_util' returned '0': AMENT_PREFIX_PATH=/home/shrirag10/rtab_ws/install/rtabmap_conversions:/home/shrirag10/rtab_ws/install/rtabmap_msgs:${AMENT_PREFIX_PATH} CMAKE_PREFIX_PATH=/home/shrirag10/rtab_ws/install/rtabmap_conversions:/home/shrirag10/rtab_ws/install/rtabmap_msgs:/home/shrirag10/rtab_ws/install/rtabmap:/home/shrirag10/final_rsn/install/zed_ros2:/home/shrirag10/final_rsn/install/zed_robot_integration:/home/shrirag10/final_rsn/install/zed_multi_camera:/home/shrirag10/final_rsn/install/zed_display_rviz2:/home/shrirag10/final_rsn/install/zed_depth_to_laserscan:/home/shrirag10/final_rsn/install/zed_wrapper:/home/shrirag10/final_rsn/install/zed_tutorial_video:/home/shrirag10/final_rsn/install/zed_tutorial_pos_tracking:/home/shrirag10/final_rsn/install/zed_tutorial_depth:/home/shrirag10/final_rsn/install/zed_topic_benchmark:/home/shrirag10/final_rsn/install/zed_topic_benchmark_component:/home/shrirag10/final_rsn/install/zed_topic_benchmark_interfaces:/home/shrirag10/final_rsn/install/zed_rgb_convert:/home/shrirag10/final_rsn/install/zed_aruco_localization:/home/shrirag10/final_rsn/install/zed_components:/home/shrirag10/final_rsn/install/rviz_plugin_zed_od:/home/shrirag10/final_rsn/install/zed_msgs:/home/shrirag10/final_rsn/install/rtabmap_ros:/home/shrirag10/final_rsn/install/rtabmap_launch:/home/shrirag10/final_rsn/install/rtabmap_examples:/home/shrirag10/final_rsn/install/rtabmap_demos:/home/shrirag10/final_rsn/install/rtabmap_viz:/home/shrirag10/final_rsn/install/rtabmap_slam:/home/shrirag10/final_rsn/install/rtabmap_odom:/home/shrirag10/final_rsn/install/rtabmap_util:/home/shrirag10/final_rsn/install/rtabmap_sync:/home/shrirag10/final_rsn/install/rtabmap_rviz_plugins:/home/shrirag10/final_rsn/install/rtabmap_conversions:/home/shrirag10/final_rsn/install/rtabmap_msgs:/home/shrirag10/final_rsn/install/rtabmap:/home/shrirag10/final_rsn/install/rtabmap_dataset_processor:/home/shrirag10/final_rsn/install/rtabmap_python:/opt/ros/humble LD_LIBRARY_PATH=/home/shrirag10/rtab_ws/install/rtabmap_conversions/lib:/home/shrirag10/rtab_ws/install/rtabmap_msgs/lib:/home/shrirag10/rtab_ws/install/rtabmap/lib:${LD_LIBRARY_PATH} PATH=/home/shrirag10/rtab_ws/install/rtabmap/bin:${PATH} PKG_CONFIG_PATH=/home/shrirag10/rtab_ws/install/rtabmap/lib/x86_64-linux-gnu/pkgconfig:/home/shrirag10/rtab_ws/install/rtabmap/lib/pkgconfig:${PKG_CONFIG_PATH} PYTHONPATH=/home/shrirag10/rtab_ws/install/rtabmap_msgs/local/lib/python3.10/dist-packages:${PYTHONPATH} /usr/bin/cmake --build /home/shrirag10/rtab_ws/build/rtabmap_util
[0.532s] Invoking command in '/home/shrirag10/rtab_ws/build/rtabmap_util': AMENT_PREFIX_PATH=/home/shrirag10/rtab_ws/install/rtabmap_conversions:/home/shrirag10/rtab_ws/install/rtabmap_msgs:${AMENT_PREFIX_PATH} CMAKE_PREFIX_PATH=/home/shrirag10/rtab_ws/install/rtabmap_conversions:/home/shrirag10/rtab_ws/install/rtabmap_msgs:/home/shrirag10/rtab_ws/install/rtabmap:/home/shrirag10/final_rsn/install/zed_ros2:/home/shrirag10/final_rsn/install/zed_robot_integration:/home/shrirag10/final_rsn/install/zed_multi_camera:/home/shrirag10/final_rsn/install/zed_display_rviz2:/home/shrirag10/final_rsn/install/zed_depth_to_laserscan:/home/shrirag10/final_rsn/install/zed_wrapper:/home/shrirag10/final_rsn/install/zed_tutorial_video:/home/shrirag10/final_rsn/install/zed_tutorial_pos_tracking:/home/shrirag10/final_rsn/install/zed_tutorial_depth:/home/shrirag10/final_rsn/install/zed_topic_benchmark:/home/shrirag10/final_rsn/install/zed_topic_benchmark_component:/home/shrirag10/final_rsn/install/zed_topic_benchmark_interfaces:/home/shrirag10/final_rsn/install/zed_rgb_convert:/home/shrirag10/final_rsn/install/zed_aruco_localization:/home/shrirag10/final_rsn/install/zed_components:/home/shrirag10/final_rsn/install/rviz_plugin_zed_od:/home/shrirag10/final_rsn/install/zed_msgs:/home/shrirag10/final_rsn/install/rtabmap_ros:/home/shrirag10/final_rsn/install/rtabmap_launch:/home/shrirag10/final_rsn/install/rtabmap_examples:/home/shrirag10/final_rsn/install/rtabmap_demos:/home/shrirag10/final_rsn/install/rtabmap_viz:/home/shrirag10/final_rsn/install/rtabmap_slam:/home/shrirag10/final_rsn/install/rtabmap_odom:/home/shrirag10/final_rsn/install/rtabmap_util:/home/shrirag10/final_rsn/install/rtabmap_sync:/home/shrirag10/final_rsn/install/rtabmap_rviz_plugins:/home/shrirag10/final_rsn/install/rtabmap_conversions:/home/shrirag10/final_rsn/install/rtabmap_msgs:/home/shrirag10/final_rsn/install/rtabmap:/home/shrirag10/final_rsn/install/rtabmap_dataset_processor:/home/shrirag10/final_rsn/install/rtabmap_python:/opt/ros/humble LD_LIBRARY_PATH=/home/shrirag10/rtab_ws/install/rtabmap_conversions/lib:/home/shrirag10/rtab_ws/install/rtabmap_msgs/lib:/home/shrirag10/rtab_ws/install/rtabmap/lib:${LD_LIBRARY_PATH} PATH=/home/shrirag10/rtab_ws/install/rtabmap/bin:${PATH} PKG_CONFIG_PATH=/home/shrirag10/rtab_ws/install/rtabmap/lib/x86_64-linux-gnu/pkgconfig:/home/shrirag10/rtab_ws/install/rtabmap/lib/pkgconfig:${PKG_CONFIG_PATH} PYTHONPATH=/home/shrirag10/rtab_ws/install/rtabmap_msgs/local/lib/python3.10/dist-packages:${PYTHONPATH} /usr/bin/cmake --install /home/shrirag10/rtab_ws/build/rtabmap_util
[0.538s] -- Install configuration: "Release"
[0.538s] -- Execute custom install script
[0.538s] -- Up-to-date symlink: /home/shrirag10/rtab_ws/install/rtabmap_util/share/rtabmap_util/environment/library_path.sh
[0.538s] -- Up-to-date symlink: /home/shrirag10/rtab_ws/install/rtabmap_util/share/rtabmap_util/environment/library_path.dsv
[0.538s] -- Up-to-date symlink: /home/shrirag10/rtab_ws/install/rtabmap_util/lib/rtabmap_util/transform_to_tf.py
[0.539s] -- Up-to-date symlink: /home/shrirag10/rtab_ws/install/rtabmap_util/lib/rtabmap_util/yaml_to_camera_info.py
[0.539s] -- Up-to-date symlink: /home/shrirag10/rtab_ws/install/rtabmap_util/lib/rtabmap_util/republish_tf_static.py
[0.539s] -- Up-to-date symlink: /home/shrirag10/rtab_ws/install/rtabmap_util/lib/rtabmap_util/imu_to_tf
[0.539s] -- Up-to-date symlink: /home/shrirag10/rtab_ws/install/rtabmap_util/lib/rtabmap_util/disparity_to_depth
[0.539s] -- Up-to-date symlink: /home/shrirag10/rtab_ws/install/rtabmap_util/lib/rtabmap_util/rgbd_relay
[0.539s] -- Up-to-date symlink: /home/shrirag10/rtab_ws/install/rtabmap_util/lib/rtabmap_util/rgbd_split
[0.539s] -- Up-to-date symlink: /home/shrirag10/rtab_ws/install/rtabmap_util/lib/rtabmap_util/lidar_deskewing
[0.539s] -- Up-to-date symlink: /home/shrirag10/rtab_ws/install/rtabmap_util/lib/rtabmap_util/point_cloud_xyz
[0.539s] -- Up-to-date symlink: /home/shrirag10/rtab_ws/install/rtabmap_util/lib/rtabmap_util/point_cloud_xyzrgb
[0.539s] -- Up-to-date symlink: /home/shrirag10/rtab_ws/install/rtabmap_util/lib/rtabmap_util/pointcloud_to_depthimage
[0.540s] -- Up-to-date symlink: /home/shrirag10/rtab_ws/install/rtabmap_util/lib/rtabmap_util/obstacles_detection
[0.540s] -- Up-to-date symlink: /home/shrirag10/rtab_ws/install/rtabmap_util/lib/rtabmap_util/point_cloud_aggregator
[0.540s] -- Up-to-date symlink: /home/shrirag10/rtab_ws/install/rtabmap_util/lib/rtabmap_util/point_cloud_assembler
[0.540s] -- Up-to-date symlink: /home/shrirag10/rtab_ws/install/rtabmap_util/lib/rtabmap_util/map_assembler
[0.540s] -- Up-to-date symlink: /home/shrirag10/rtab_ws/install/rtabmap_util/share/ament_index/resource_index/package_run_dependencies/rtabmap_util
[0.540s] -- Up-to-date symlink: /home/shrirag10/rtab_ws/install/rtabmap_util/share/ament_index/resource_index/parent_prefix_path/rtabmap_util
[0.540s] -- Up-to-date symlink: /home/shrirag10/rtab_ws/install/rtabmap_util/share/rtabmap_util/environment/ament_prefix_path.sh
[0.540s] -- Up-to-date symlink: /home/shrirag10/rtab_ws/install/rtabmap_util/share/rtabmap_util/environment/ament_prefix_path.dsv
[0.541s] -- Up-to-date symlink: /home/shrirag10/rtab_ws/install/rtabmap_util/share/rtabmap_util/environment/path.sh
[0.541s] -- Up-to-date symlink: /home/shrirag10/rtab_ws/install/rtabmap_util/share/rtabmap_util/environment/path.dsv
[0.541s] -- Up-to-date symlink: /home/shrirag10/rtab_ws/install/rtabmap_util/share/rtabmap_util/local_setup.bash
[0.541s] -- Up-to-date symlink: /home/shrirag10/rtab_ws/install/rtabmap_util/share/rtabmap_util/local_setup.sh
[0.541s] -- Up-to-date symlink: /home/shrirag10/rtab_ws/install/rtabmap_util/share/rtabmap_util/local_setup.zsh
[0.541s] -- Up-to-date symlink: /home/shrirag10/rtab_ws/install/rtabmap_util/share/rtabmap_util/local_setup.dsv
[0.541s] -- Symlinking: /home/shrirag10/rtab_ws/install/rtabmap_util/share/rtabmap_util/package.dsv
[0.547s] -- Up-to-date symlink: /home/shrirag10/rtab_ws/install/rtabmap_util/share/ament_index/resource_index/packages/rtabmap_util
[0.547s] -- Up-to-date symlink: /home/shrirag10/rtab_ws/install/rtabmap_util/share/ament_index/resource_index/rclcpp_components/rtabmap_util
[0.547s] -- Up-to-date symlink: /home/shrirag10/rtab_ws/install/rtabmap_util/share/rtabmap_util/cmake/ament_cmake_export_dependencies-extras.cmake
[0.548s] -- Up-to-date symlink: /home/shrirag10/rtab_ws/install/rtabmap_util/share/rtabmap_util/cmake/ament_cmake_export_include_directories-extras.cmake
[0.548s] -- Up-to-date symlink: /home/shrirag10/rtab_ws/install/rtabmap_util/share/rtabmap_util/cmake/ament_cmake_export_targets-extras.cmake
[0.548s] -- Up-to-date symlink: /home/shrirag10/rtab_ws/install/rtabmap_util/share/rtabmap_util/cmake/ament_cmake_export_libraries-extras.cmake
[0.548s] -- Up-to-date symlink: /home/shrirag10/rtab_ws/install/rtabmap_util/share/rtabmap_util/cmake/rtabmap_utilConfig.cmake
[0.548s] -- Up-to-date symlink: /home/shrirag10/rtab_ws/install/rtabmap_util/share/rtabmap_util/cmake/rtabmap_utilConfig-version.cmake
[0.548s] -- Up-to-date symlink: /home/shrirag10/rtab_ws/install/rtabmap_util/share/rtabmap_util/package.xml
[0.548s] -- Up-to-date: /home/shrirag10/rtab_ws/install/rtabmap_util/lib/librtabmap_util_plugins.so
[0.548s] -- Up-to-date: /home/shrirag10/rtab_ws/install/rtabmap_util/include
[0.548s] -- Up-to-date: /home/shrirag10/rtab_ws/install/rtabmap_util/include/rtabmap_util
[0.548s] -- Up-to-date: /home/shrirag10/rtab_ws/install/rtabmap_util/include/rtabmap_util/MapsManager.h
[0.548s] -- Up-to-date: /home/shrirag10/rtab_ws/install/rtabmap_util/include/rtabmap_util/visibility.h
[0.548s] -- Up-to-date: /home/shrirag10/rtab_ws/install/rtabmap_util/include/rtabmap_util/ULogToRosout.h
[0.548s] -- Up-to-date: /home/shrirag10/rtab_ws/install/rtabmap_util/share/rtabmap_util/cmake/rtabmap_utilExport.cmake
[0.548s] -- Up-to-date: /home/shrirag10/rtab_ws/install/rtabmap_util/share/rtabmap_util/cmake/rtabmap_utilExport-release.cmake
[0.550s] Invoked command in '/home/shrirag10/rtab_ws/build/rtabmap_util' returned '0': AMENT_PREFIX_PATH=/home/shrirag10/rtab_ws/install/rtabmap_conversions:/home/shrirag10/rtab_ws/install/rtabmap_msgs:${AMENT_PREFIX_PATH} CMAKE_PREFIX_PATH=/home/shrirag10/rtab_ws/install/rtabmap_conversions:/home/shrirag10/rtab_ws/install/rtabmap_msgs:/home/shrirag10/rtab_ws/install/rtabmap:/home/shrirag10/final_rsn/install/zed_ros2:/home/shrirag10/final_rsn/install/zed_robot_integration:/home/shrirag10/final_rsn/install/zed_multi_camera:/home/shrirag10/final_rsn/install/zed_display_rviz2:/home/shrirag10/final_rsn/install/zed_depth_to_laserscan:/home/shrirag10/final_rsn/install/zed_wrapper:/home/shrirag10/final_rsn/install/zed_tutorial_video:/home/shrirag10/final_rsn/install/zed_tutorial_pos_tracking:/home/shrirag10/final_rsn/install/zed_tutorial_depth:/home/shrirag10/final_rsn/install/zed_topic_benchmark:/home/shrirag10/final_rsn/install/zed_topic_benchmark_component:/home/shrirag10/final_rsn/install/zed_topic_benchmark_interfaces:/home/shrirag10/final_rsn/install/zed_rgb_convert:/home/shrirag10/final_rsn/install/zed_aruco_localization:/home/shrirag10/final_rsn/install/zed_components:/home/shrirag10/final_rsn/install/rviz_plugin_zed_od:/home/shrirag10/final_rsn/install/zed_msgs:/home/shrirag10/final_rsn/install/rtabmap_ros:/home/shrirag10/final_rsn/install/rtabmap_launch:/home/shrirag10/final_rsn/install/rtabmap_examples:/home/shrirag10/final_rsn/install/rtabmap_demos:/home/shrirag10/final_rsn/install/rtabmap_viz:/home/shrirag10/final_rsn/install/rtabmap_slam:/home/shrirag10/final_rsn/install/rtabmap_odom:/home/shrirag10/final_rsn/install/rtabmap_util:/home/shrirag10/final_rsn/install/rtabmap_sync:/home/shrirag10/final_rsn/install/rtabmap_rviz_plugins:/home/shrirag10/final_rsn/install/rtabmap_conversions:/home/shrirag10/final_rsn/install/rtabmap_msgs:/home/shrirag10/final_rsn/install/rtabmap:/home/shrirag10/final_rsn/install/rtabmap_dataset_processor:/home/shrirag10/final_rsn/install/rtabmap_python:/opt/ros/humble LD_LIBRARY_PATH=/home/shrirag10/rtab_ws/install/rtabmap_conversions/lib:/home/shrirag10/rtab_ws/install/rtabmap_msgs/lib:/home/shrirag10/rtab_ws/install/rtabmap/lib:${LD_LIBRARY_PATH} PATH=/home/shrirag10/rtab_ws/install/rtabmap/bin:${PATH} PKG_CONFIG_PATH=/home/shrirag10/rtab_ws/install/rtabmap/lib/x86_64-linux-gnu/pkgconfig:/home/shrirag10/rtab_ws/install/rtabmap/lib/pkgconfig:${PKG_CONFIG_PATH} PYTHONPATH=/home/shrirag10/rtab_ws/install/rtabmap_msgs/local/lib/python3.10/dist-packages:${PYTHONPATH} /usr/bin/cmake --install /home/shrirag10/rtab_ws/build/rtabmap_util
